  [1m[36m (0.0ms)[0m  [1mselect sqlite_version(*)[0m
  [1m[35m (15.6ms)[0m  CREATE TABLE "schema_migrations" ("version" varchar(255) NOT NULL) 
  [1m[36m (0.0ms)[0m  [1mPRAGMA index_list("schema_migrations")[0m
  [1m[35m (0.0ms)[0m  CREATE UNIQUE INDEX "unique_schema_migrations" ON "schema_migrations" ("version")
  [1m[36m (0.0ms)[0m  [1mSELECT "schema_migrations"."version" FROM "schema_migrations" [0m
  [1m[36m (0.0ms)[0m  [1mSELECT "schema_migrations"."version" FROM "schema_migrations" [0m
Migrating to CreateEvents (20121114160737)
  [1m[35m (0.0ms)[0m  select sqlite_version(*)
  [1m[36m (0.0ms)[0m  [1mbegin transaction[0m
  [1m[35m (0.0ms)[0m  rollback transaction
  [1m[36m (0.0ms)[0m  [1mSELECT "schema_migrations"."version" FROM "schema_migrations" [0m
Migrating to CreateEvents (20121114160737)
  [1m[35m (0.0ms)[0m  select sqlite_version(*)
  [1m[36m (0.0ms)[0m  [1mbegin transaction[0m
  [1m[35m (0.0ms)[0m  CREATE TABLE "events" ("id" INTEGER PRIMARY KEY AUTOINCREMENT NOT NULL, "name" varchar(255), "eventdate" date, "doors" time, "showstart" time, "entryfee" varchar(255), "description" text, "sticky" boolean, "published" boolean, "galleryset_id" integer, "created_at" datetime NOT NULL, "updated_at" datetime NOT NULL) 
  [1m[36m (0.0ms)[0m  [1mINSERT INTO "schema_migrations" ("version") VALUES ('20121114160737')[0m
  [1m[35m (0.0ms)[0m  commit transaction
Migrating to CreateBands (20121114160902)
  [1m[36m (0.0ms)[0m  [1mbegin transaction[0m
  [1m[35m (0.0ms)[0m  CREATE TABLE "bands" ("id" INTEGER PRIMARY KEY AUTOINCREMENT NOT NULL, "name" varchar(255), "bandinfo" text, "email" varchar(255), "telephone" varchar(255), "homepage" varchar(255), "picture" varchar(255), "notices" varchar(255), "type" varchar(255), "created_at" datetime NOT NULL, "updated_at" datetime NOT NULL) 
  [1m[36m (0.0ms)[0m  [1mINSERT INTO "schema_migrations" ("version") VALUES ('20121114160902')[0m
  [1m[35m (0.0ms)[0m  commit transaction
Migrating to CreateUsers (20121114160934)
  [1m[36m (0.0ms)[0m  [1mbegin transaction[0m
  [1m[35m (0.0ms)[0m  CREATE TABLE "users" ("id" INTEGER PRIMARY KEY AUTOINCREMENT NOT NULL, "email" varchar(255), "password" varchar(255), "lastname" varchar(255), "firstname" varchar(255), "title" varchar(255), "job" varchar(255), "usertyp" varchar(255), "created_at" datetime NOT NULL, "updated_at" datetime NOT NULL) 
  [1m[36m (0.0ms)[0m  [1mINSERT INTO "schema_migrations" ("version") VALUES ('20121114160934')[0m
  [1m[35m (15.6ms)[0m  commit transaction
Migrating to CreateMembers (20121114161022)
  [1m[36m (0.0ms)[0m  [1mbegin transaction[0m
  [1m[35m (0.0ms)[0m  CREATE TABLE "members" ("id" INTEGER PRIMARY KEY AUTOINCREMENT NOT NULL, "lastname" varchar(255), "firstname" varchar(255), "address_street" varchar(255), "address_zip" varchar(255), "address_town" varchar(255), "telephone" varchar(255), "email" varchar(255), "entrydate" date, "birthday" date, "bankaccount_nr" varchar(255), "bankaccount_blz" varchar(255), "bankaccount_bankname" varchar(255), "created_at" datetime NOT NULL, "updated_at" datetime NOT NULL) 
  [1m[36m (0.0ms)[0m  [1mINSERT INTO "schema_migrations" ("version") VALUES ('20121114161022')[0m
  [1m[35m (15.6ms)[0m  commit transaction
Migrating to CreateGallerySets (20121114161048)
  [1m[36m (0.0ms)[0m  [1mbegin transaction[0m
  [1m[35m (0.0ms)[0m  CREATE TABLE "gallery_sets" ("id" INTEGER PRIMARY KEY AUTOINCREMENT NOT NULL, "title" varchar(255), "description" text, "year" integer, "event_id" integer, "user_id" integer, "created_at" datetime NOT NULL, "updated_at" datetime NOT NULL) 
  [1m[36m (0.0ms)[0m  [1mINSERT INTO "schema_migrations" ("version") VALUES ('20121114161048')[0m
  [1m[35m (15.6ms)[0m  commit transaction
Migrating to CreateGalleryPictures (20121114161127)
  [1m[36m (0.0ms)[0m  [1mbegin transaction[0m
  [1m[35m (0.0ms)[0m  CREATE TABLE "gallery_pictures" ("id" INTEGER PRIMARY KEY AUTOINCREMENT NOT NULL, "filename" varchar(255), "galleryset_id" integer, "created_at" datetime NOT NULL, "updated_at" datetime NOT NULL) 
  [1m[36m (0.0ms)[0m  [1mINSERT INTO "schema_migrations" ("version") VALUES ('20121114161127')[0m
  [1m[35m (15.6ms)[0m  commit transaction
Migrating to CreateGuestbookEntries (20121114161155)
  [1m[36m (0.0ms)[0m  [1mbegin transaction[0m
  [1m[35m (0.0ms)[0m  CREATE TABLE "guestbook_entries" ("id" INTEGER PRIMARY KEY AUTOINCREMENT NOT NULL, "name" varchar(255), "email" varchar(255), "town" varchar(255), "message" text, "refer_to" integer, "posted_time" varchar(255), "datetime" varchar(255), "created_at" datetime NOT NULL, "updated_at" datetime NOT NULL) 
  [1m[36m (0.0ms)[0m  [1mINSERT INTO "schema_migrations" ("version") VALUES ('20121114161155')[0m
  [1m[35m (15.6ms)[0m  commit transaction
  [1m[36m (0.0ms)[0m  [1mselect sqlite_version(*)[0m
  [1m[35m (0.0ms)[0m  SELECT "schema_migrations"."version" FROM "schema_migrations" 
  [1m[36m (0.0ms)[0m  [1mPRAGMA index_list("bands")[0m
  [1m[35m (0.0ms)[0m  PRAGMA index_list("events")
  [1m[36m (0.0ms)[0m  [1mPRAGMA index_list("gallery_pictures")[0m
  [1m[35m (0.0ms)[0m  PRAGMA index_list("gallery_sets")
  [1m[36m (0.0ms)[0m  [1mPRAGMA index_list("guestbook_entries")[0m
  [1m[35m (0.0ms)[0m  PRAGMA index_list("members")
  [1m[36m (0.0ms)[0m  [1mPRAGMA index_list("users")[0m


Started GET "/assets/rails.png" for 127.0.0.1 at 2012-11-14 17:23:24 +0100
Served asset /rails.png - 200 OK (46ms)
  [1m[36m (0.0ms)[0m  [1mSELECT "schema_migrations"."version" FROM "schema_migrations" [0m
Migrating to CreateEvents (20121114160737)
Migrating to CreateBands (20121114160902)
Migrating to CreateUsers (20121114160934)
Migrating to CreateMembers (20121114161022)
Migrating to CreateGallerySets (20121114161048)
Migrating to CreateGalleryPictures (20121114161127)
Migrating to CreateGuestbookEntries (20121114161155)
  [1m[35m (0.0ms)[0m  select sqlite_version(*)
  [1m[36m (0.0ms)[0m  [1mSELECT "schema_migrations"."version" FROM "schema_migrations" [0m
  [1m[35m (0.0ms)[0m  PRAGMA index_list("bands")
  [1m[36m (0.0ms)[0m  [1mPRAGMA index_list("events")[0m
  [1m[35m (0.0ms)[0m  PRAGMA index_list("gallery_pictures")
  [1m[36m (0.0ms)[0m  [1mPRAGMA index_list("gallery_sets")[0m
  [1m[35m (0.0ms)[0m  PRAGMA index_list("guestbook_entries")
  [1m[36m (0.0ms)[0m  [1mPRAGMA index_list("members")[0m
  [1m[35m (0.0ms)[0m  PRAGMA index_list("users")


Started GET "/" for 127.0.0.1 at 2012-11-14 17:31:01 +0100

ActionController::RoutingError (No route matches [GET] "/"):
  actionpack (3.2.1) lib/action_dispatch/middleware/debug_exceptions.rb:21:in `call'
  actionpack (3.2.1) lib/action_dispatch/middleware/show_exceptions.rb:56:in `call'
  railties (3.2.1) lib/rails/rack/logger.rb:26:in `call_app'
  railties (3.2.1) lib/rails/rack/logger.rb:16:in `call'
  actionpack (3.2.1) lib/action_dispatch/middleware/request_id.rb:22:in `call'
  rack (1.4.1) lib/rack/methodoverride.rb:21:in `call'
  rack (1.4.1) lib/rack/runtime.rb:17:in `call'
  activesupport (3.2.1) lib/active_support/cache/strategy/local_cache.rb:72:in `call'
  rack (1.4.1) lib/rack/lock.rb:15:in `call'
  actionpack (3.2.1) lib/action_dispatch/middleware/static.rb:53:in `call'
  railties (3.2.1) lib/rails/engine.rb:479:in `call'
  railties (3.2.1) lib/rails/application.rb:220:in `call'
  rack (1.4.1) lib/rack/content_length.rb:14:in `call'
  railties (3.2.1) lib/rails/rack/log_tailer.rb:14:in `call'
  rack (1.4.1) lib/rack/handler/webrick.rb:59:in `service'
  c:/RailsInstaller/Ruby1.9.3/lib/ruby/1.9.1/webrick/httpserver.rb:138:in `service'
  c:/RailsInstaller/Ruby1.9.3/lib/ruby/1.9.1/webrick/httpserver.rb:94:in `run'
  c:/RailsInstaller/Ruby1.9.3/lib/ruby/1.9.1/webrick/server.rb:191:in `block in start_thread'


  Rendered c:/RailsInstaller/Ruby1.9.3/lib/ruby/gems/1.9.1/gems/actionpack-3.2.1/lib/action_dispatch/middleware/templates/rescues/routing_error.erb within rescues/layout (31.2ms)


Started GET "/event" for 127.0.0.1 at 2012-11-14 17:31:14 +0100

ActionController::RoutingError (No route matches [GET] "/event"):
  actionpack (3.2.1) lib/action_dispatch/middleware/debug_exceptions.rb:21:in `call'
  actionpack (3.2.1) lib/action_dispatch/middleware/show_exceptions.rb:56:in `call'
  railties (3.2.1) lib/rails/rack/logger.rb:26:in `call_app'
  railties (3.2.1) lib/rails/rack/logger.rb:16:in `call'
  actionpack (3.2.1) lib/action_dispatch/middleware/request_id.rb:22:in `call'
  rack (1.4.1) lib/rack/methodoverride.rb:21:in `call'
  rack (1.4.1) lib/rack/runtime.rb:17:in `call'
  activesupport (3.2.1) lib/active_support/cache/strategy/local_cache.rb:72:in `call'
  rack (1.4.1) lib/rack/lock.rb:15:in `call'
  actionpack (3.2.1) lib/action_dispatch/middleware/static.rb:53:in `call'
  railties (3.2.1) lib/rails/engine.rb:479:in `call'
  railties (3.2.1) lib/rails/application.rb:220:in `call'
  rack (1.4.1) lib/rack/content_length.rb:14:in `call'
  railties (3.2.1) lib/rails/rack/log_tailer.rb:14:in `call'
  rack (1.4.1) lib/rack/handler/webrick.rb:59:in `service'
  c:/RailsInstaller/Ruby1.9.3/lib/ruby/1.9.1/webrick/httpserver.rb:138:in `service'
  c:/RailsInstaller/Ruby1.9.3/lib/ruby/1.9.1/webrick/httpserver.rb:94:in `run'
  c:/RailsInstaller/Ruby1.9.3/lib/ruby/1.9.1/webrick/server.rb:191:in `block in start_thread'


  Rendered c:/RailsInstaller/Ruby1.9.3/lib/ruby/gems/1.9.1/gems/actionpack-3.2.1/lib/action_dispatch/middleware/templates/rescues/routing_error.erb within rescues/layout (0.0ms)


Started GET "/events" for 127.0.0.1 at 2012-11-14 17:31:18 +0100

ActionController::RoutingError (No route matches [GET] "/events"):
  actionpack (3.2.1) lib/action_dispatch/middleware/debug_exceptions.rb:21:in `call'
  actionpack (3.2.1) lib/action_dispatch/middleware/show_exceptions.rb:56:in `call'
  railties (3.2.1) lib/rails/rack/logger.rb:26:in `call_app'
  railties (3.2.1) lib/rails/rack/logger.rb:16:in `call'
  actionpack (3.2.1) lib/action_dispatch/middleware/request_id.rb:22:in `call'
  rack (1.4.1) lib/rack/methodoverride.rb:21:in `call'
  rack (1.4.1) lib/rack/runtime.rb:17:in `call'
  activesupport (3.2.1) lib/active_support/cache/strategy/local_cache.rb:72:in `call'
  rack (1.4.1) lib/rack/lock.rb:15:in `call'
  actionpack (3.2.1) lib/action_dispatch/middleware/static.rb:53:in `call'
  railties (3.2.1) lib/rails/engine.rb:479:in `call'
  railties (3.2.1) lib/rails/application.rb:220:in `call'
  rack (1.4.1) lib/rack/content_length.rb:14:in `call'
  railties (3.2.1) lib/rails/rack/log_tailer.rb:14:in `call'
  rack (1.4.1) lib/rack/handler/webrick.rb:59:in `service'
  c:/RailsInstaller/Ruby1.9.3/lib/ruby/1.9.1/webrick/httpserver.rb:138:in `service'
  c:/RailsInstaller/Ruby1.9.3/lib/ruby/1.9.1/webrick/httpserver.rb:94:in `run'
  c:/RailsInstaller/Ruby1.9.3/lib/ruby/1.9.1/webrick/server.rb:191:in `block in start_thread'


  Rendered c:/RailsInstaller/Ruby1.9.3/lib/ruby/gems/1.9.1/gems/actionpack-3.2.1/lib/action_dispatch/middleware/templates/rescues/routing_error.erb within rescues/layout (0.0ms)


Started GET "/Events" for 127.0.0.1 at 2012-11-14 17:31:26 +0100

ActionController::RoutingError (No route matches [GET] "/Events"):
  actionpack (3.2.1) lib/action_dispatch/middleware/debug_exceptions.rb:21:in `call'
  actionpack (3.2.1) lib/action_dispatch/middleware/show_exceptions.rb:56:in `call'
  railties (3.2.1) lib/rails/rack/logger.rb:26:in `call_app'
  railties (3.2.1) lib/rails/rack/logger.rb:16:in `call'
  actionpack (3.2.1) lib/action_dispatch/middleware/request_id.rb:22:in `call'
  rack (1.4.1) lib/rack/methodoverride.rb:21:in `call'
  rack (1.4.1) lib/rack/runtime.rb:17:in `call'
  activesupport (3.2.1) lib/active_support/cache/strategy/local_cache.rb:72:in `call'
  rack (1.4.1) lib/rack/lock.rb:15:in `call'
  actionpack (3.2.1) lib/action_dispatch/middleware/static.rb:53:in `call'
  railties (3.2.1) lib/rails/engine.rb:479:in `call'
  railties (3.2.1) lib/rails/application.rb:220:in `call'
  rack (1.4.1) lib/rack/content_length.rb:14:in `call'
  railties (3.2.1) lib/rails/rack/log_tailer.rb:14:in `call'
  rack (1.4.1) lib/rack/handler/webrick.rb:59:in `service'
  c:/RailsInstaller/Ruby1.9.3/lib/ruby/1.9.1/webrick/httpserver.rb:138:in `service'
  c:/RailsInstaller/Ruby1.9.3/lib/ruby/1.9.1/webrick/httpserver.rb:94:in `run'
  c:/RailsInstaller/Ruby1.9.3/lib/ruby/1.9.1/webrick/server.rb:191:in `block in start_thread'


  Rendered c:/RailsInstaller/Ruby1.9.3/lib/ruby/gems/1.9.1/gems/actionpack-3.2.1/lib/action_dispatch/middleware/templates/rescues/routing_error.erb within rescues/layout (0.0ms)
  [1m[36m (0.0ms)[0m  [1mSELECT "schema_migrations"."version" FROM "schema_migrations" [0m
Migrating to CreateBands (20121114160902)
Migrating to CreateUsers (20121114160934)
Migrating to CreateMembers (20121114161022)
Migrating to CreateGallerySets (20121114161048)
Migrating to CreateGalleryPictures (20121114161127)
Migrating to CreateGuestbookEntries (20121114161155)
Migrating to CreateEvents (20121114163600)
  [1m[35m (0.0ms)[0m  select sqlite_version(*)
  [1m[36m (0.0ms)[0m  [1mbegin transaction[0m
  [1m[35m (0.0ms)[0m  CREATE TABLE "events" ("id" INTEGER PRIMARY KEY AUTOINCREMENT NOT NULL, "name" varchar(255), "eventdate" date, "doors" time, "showstart" time, "entryfee" varchar(255), "description" text, "sticky" boolean, "published" boolean, "galleryset_id" integer, "created_at" datetime NOT NULL, "updated_at" datetime NOT NULL) 
SQLite3::SQLException: table "events" already exists: CREATE TABLE "events" ("id" INTEGER PRIMARY KEY AUTOINCREMENT NOT NULL, "name" varchar(255), "eventdate" date, "doors" time, "showstart" time, "entryfee" varchar(255), "description" text, "sticky" boolean, "published" boolean, "galleryset_id" integer, "created_at" datetime NOT NULL, "updated_at" datetime NOT NULL) 
  [1m[36m (0.0ms)[0m  [1mrollback transaction[0m
  [1m[36m (0.0ms)[0m  [1mSELECT "schema_migrations"."version" FROM "schema_migrations" [0m
Migrating to CreateBands (20121114160902)
Migrating to CreateUsers (20121114160934)
Migrating to CreateMembers (20121114161022)
Migrating to CreateGallerySets (20121114161048)
Migrating to CreateGalleryPictures (20121114161127)
Migrating to CreateGuestbookEntries (20121114161155)
Migrating to CreateEvents (20121114163600)
  [1m[35m (0.0ms)[0m  select sqlite_version(*)
  [1m[36m (0.0ms)[0m  [1mbegin transaction[0m
  [1m[35m (0.0ms)[0m  CREATE TABLE "events" ("id" INTEGER PRIMARY KEY AUTOINCREMENT NOT NULL, "name" varchar(255), "eventdate" date, "doors" time, "showstart" time, "entryfee" varchar(255), "description" text, "sticky" boolean, "published" boolean, "galleryset_id" integer, "created_at" datetime NOT NULL, "updated_at" datetime NOT NULL) 
SQLite3::SQLException: table "events" already exists: CREATE TABLE "events" ("id" INTEGER PRIMARY KEY AUTOINCREMENT NOT NULL, "name" varchar(255), "eventdate" date, "doors" time, "showstart" time, "entryfee" varchar(255), "description" text, "sticky" boolean, "published" boolean, "galleryset_id" integer, "created_at" datetime NOT NULL, "updated_at" datetime NOT NULL) 
  [1m[36m (0.0ms)[0m  [1mrollback transaction[0m


Started GET "/Events" for 127.0.0.1 at 2012-11-14 17:39:40 +0100

ActionController::RoutingError (No route matches [GET] "/Events"):
  actionpack (3.2.1) lib/action_dispatch/middleware/debug_exceptions.rb:21:in `call'
  actionpack (3.2.1) lib/action_dispatch/middleware/show_exceptions.rb:56:in `call'
  railties (3.2.1) lib/rails/rack/logger.rb:26:in `call_app'
  railties (3.2.1) lib/rails/rack/logger.rb:16:in `call'
  actionpack (3.2.1) lib/action_dispatch/middleware/request_id.rb:22:in `call'
  rack (1.4.1) lib/rack/methodoverride.rb:21:in `call'
  rack (1.4.1) lib/rack/runtime.rb:17:in `call'
  activesupport (3.2.1) lib/active_support/cache/strategy/local_cache.rb:72:in `call'
  rack (1.4.1) lib/rack/lock.rb:15:in `call'
  actionpack (3.2.1) lib/action_dispatch/middleware/static.rb:53:in `call'
  railties (3.2.1) lib/rails/engine.rb:479:in `call'
  railties (3.2.1) lib/rails/application.rb:220:in `call'
  rack (1.4.1) lib/rack/content_length.rb:14:in `call'
  railties (3.2.1) lib/rails/rack/log_tailer.rb:14:in `call'
  rack (1.4.1) lib/rack/handler/webrick.rb:59:in `service'
  c:/RailsInstaller/Ruby1.9.3/lib/ruby/1.9.1/webrick/httpserver.rb:138:in `service'
  c:/RailsInstaller/Ruby1.9.3/lib/ruby/1.9.1/webrick/httpserver.rb:94:in `run'
  c:/RailsInstaller/Ruby1.9.3/lib/ruby/1.9.1/webrick/server.rb:191:in `block in start_thread'


  Rendered c:/RailsInstaller/Ruby1.9.3/lib/ruby/gems/1.9.1/gems/actionpack-3.2.1/lib/action_dispatch/middleware/templates/rescues/routing_error.erb within rescues/layout (0.0ms)


Started GET "/" for 127.0.0.1 at 2012-11-14 17:39:46 +0100

ActionController::RoutingError (No route matches [GET] "/"):
  actionpack (3.2.1) lib/action_dispatch/middleware/debug_exceptions.rb:21:in `call'
  actionpack (3.2.1) lib/action_dispatch/middleware/show_exceptions.rb:56:in `call'
  railties (3.2.1) lib/rails/rack/logger.rb:26:in `call_app'
  railties (3.2.1) lib/rails/rack/logger.rb:16:in `call'
  actionpack (3.2.1) lib/action_dispatch/middleware/request_id.rb:22:in `call'
  rack (1.4.1) lib/rack/methodoverride.rb:21:in `call'
  rack (1.4.1) lib/rack/runtime.rb:17:in `call'
  activesupport (3.2.1) lib/active_support/cache/strategy/local_cache.rb:72:in `call'
  rack (1.4.1) lib/rack/lock.rb:15:in `call'
  actionpack (3.2.1) lib/action_dispatch/middleware/static.rb:53:in `call'
  railties (3.2.1) lib/rails/engine.rb:479:in `call'
  railties (3.2.1) lib/rails/application.rb:220:in `call'
  rack (1.4.1) lib/rack/content_length.rb:14:in `call'
  railties (3.2.1) lib/rails/rack/log_tailer.rb:14:in `call'
  rack (1.4.1) lib/rack/handler/webrick.rb:59:in `service'
  c:/RailsInstaller/Ruby1.9.3/lib/ruby/1.9.1/webrick/httpserver.rb:138:in `service'
  c:/RailsInstaller/Ruby1.9.3/lib/ruby/1.9.1/webrick/httpserver.rb:94:in `run'
  c:/RailsInstaller/Ruby1.9.3/lib/ruby/1.9.1/webrick/server.rb:191:in `block in start_thread'


  Rendered c:/RailsInstaller/Ruby1.9.3/lib/ruby/gems/1.9.1/gems/actionpack-3.2.1/lib/action_dispatch/middleware/templates/rescues/routing_error.erb within rescues/layout (0.0ms)


Started GET "/Event" for 127.0.0.1 at 2012-11-14 17:39:51 +0100

ActionController::RoutingError (No route matches [GET] "/Event"):
  actionpack (3.2.1) lib/action_dispatch/middleware/debug_exceptions.rb:21:in `call'
  actionpack (3.2.1) lib/action_dispatch/middleware/show_exceptions.rb:56:in `call'
  railties (3.2.1) lib/rails/rack/logger.rb:26:in `call_app'
  railties (3.2.1) lib/rails/rack/logger.rb:16:in `call'
  actionpack (3.2.1) lib/action_dispatch/middleware/request_id.rb:22:in `call'
  rack (1.4.1) lib/rack/methodoverride.rb:21:in `call'
  rack (1.4.1) lib/rack/runtime.rb:17:in `call'
  activesupport (3.2.1) lib/active_support/cache/strategy/local_cache.rb:72:in `call'
  rack (1.4.1) lib/rack/lock.rb:15:in `call'
  actionpack (3.2.1) lib/action_dispatch/middleware/static.rb:53:in `call'
  railties (3.2.1) lib/rails/engine.rb:479:in `call'
  railties (3.2.1) lib/rails/application.rb:220:in `call'
  rack (1.4.1) lib/rack/content_length.rb:14:in `call'
  railties (3.2.1) lib/rails/rack/log_tailer.rb:14:in `call'
  rack (1.4.1) lib/rack/handler/webrick.rb:59:in `service'
  c:/RailsInstaller/Ruby1.9.3/lib/ruby/1.9.1/webrick/httpserver.rb:138:in `service'
  c:/RailsInstaller/Ruby1.9.3/lib/ruby/1.9.1/webrick/httpserver.rb:94:in `run'
  c:/RailsInstaller/Ruby1.9.3/lib/ruby/1.9.1/webrick/server.rb:191:in `block in start_thread'


  Rendered c:/RailsInstaller/Ruby1.9.3/lib/ruby/gems/1.9.1/gems/actionpack-3.2.1/lib/action_dispatch/middleware/templates/rescues/routing_error.erb within rescues/layout (15.6ms)


Started GET "/Events" for 127.0.0.1 at 2012-11-14 17:39:55 +0100

ActionController::RoutingError (No route matches [GET] "/Events"):
  actionpack (3.2.1) lib/action_dispatch/middleware/debug_exceptions.rb:21:in `call'
  actionpack (3.2.1) lib/action_dispatch/middleware/show_exceptions.rb:56:in `call'
  railties (3.2.1) lib/rails/rack/logger.rb:26:in `call_app'
  railties (3.2.1) lib/rails/rack/logger.rb:16:in `call'
  actionpack (3.2.1) lib/action_dispatch/middleware/request_id.rb:22:in `call'
  rack (1.4.1) lib/rack/methodoverride.rb:21:in `call'
  rack (1.4.1) lib/rack/runtime.rb:17:in `call'
  activesupport (3.2.1) lib/active_support/cache/strategy/local_cache.rb:72:in `call'
  rack (1.4.1) lib/rack/lock.rb:15:in `call'
  actionpack (3.2.1) lib/action_dispatch/middleware/static.rb:53:in `call'
  railties (3.2.1) lib/rails/engine.rb:479:in `call'
  railties (3.2.1) lib/rails/application.rb:220:in `call'
  rack (1.4.1) lib/rack/content_length.rb:14:in `call'
  railties (3.2.1) lib/rails/rack/log_tailer.rb:14:in `call'
  rack (1.4.1) lib/rack/handler/webrick.rb:59:in `service'
  c:/RailsInstaller/Ruby1.9.3/lib/ruby/1.9.1/webrick/httpserver.rb:138:in `service'
  c:/RailsInstaller/Ruby1.9.3/lib/ruby/1.9.1/webrick/httpserver.rb:94:in `run'
  c:/RailsInstaller/Ruby1.9.3/lib/ruby/1.9.1/webrick/server.rb:191:in `block in start_thread'


  Rendered c:/RailsInstaller/Ruby1.9.3/lib/ruby/gems/1.9.1/gems/actionpack-3.2.1/lib/action_dispatch/middleware/templates/rescues/routing_error.erb within rescues/layout (0.0ms)


Started GET "/" for 127.0.0.1 at 2012-11-14 17:41:09 +0100
Processing by EventsController#index as HTML
  [1m[36mEvent Load (0.0ms)[0m  [1mSELECT "events".* FROM "events" [0m
  Rendered events/index.html.erb within layouts/application (0.0ms)
Compiled events.css  (46ms)  (pid 5504)
Compiled scaffolds.css  (31ms)  (pid 5504)
Compiled application.css  (109ms)  (pid 5504)
Compiled jquery.js  (0ms)  (pid 5504)
Compiled jquery_ujs.js  (0ms)  (pid 5504)
Compiled events.js  (405ms)  (pid 5504)
Compiled application.js  (717ms)  (pid 5504)
Completed 200 OK in 1076ms (Views: 1076.4ms | ActiveRecord: 0.0ms)


Started GET "/assets/application.css?body=1" for 127.0.0.1 at 2012-11-14 17:41:10 +0100
Served asset /application.css - 200 OK (15ms)


Started GET "/assets/events.css?body=1" for 127.0.0.1 at 2012-11-14 17:41:10 +0100
Served asset /events.css - 200 OK (15ms)


Started GET "/assets/scaffolds.css?body=1" for 127.0.0.1 at 2012-11-14 17:41:10 +0100
Served asset /scaffolds.css - 200 OK (0ms)


Started GET "/assets/jquery.js?body=1" for 127.0.0.1 at 2012-11-14 17:41:10 +0100
Served asset /jquery.js - 200 OK (31ms)


Started GET "/assets/jquery_ujs.js?body=1" for 127.0.0.1 at 2012-11-14 17:41:10 +0100
Served asset /jquery_ujs.js - 200 OK (0ms)


Started GET "/assets/application.js?body=1" for 127.0.0.1 at 2012-11-14 17:41:10 +0100
Served asset /application.js - 200 OK (15ms)


Started GET "/assets/events.js?body=1" for 127.0.0.1 at 2012-11-14 17:41:10 +0100
Served asset /events.js - 200 OK (0ms)


Started GET "/events/new" for 127.0.0.1 at 2012-11-14 17:41:16 +0100
Processing by EventsController#new as HTML
  Rendered events/_form.html.erb (109.2ms)
  Rendered events/new.html.erb within layouts/application (218.4ms)
Completed 200 OK in 265ms (Views: 234.0ms | ActiveRecord: 0.0ms)


Started GET "/assets/application.css?body=1" for 127.0.0.1 at 2012-11-14 17:41:16 +0100
Served asset /application.css - 304 Not Modified (0ms)


Started GET "/assets/scaffolds.css?body=1" for 127.0.0.1 at 2012-11-14 17:41:16 +0100
Served asset /scaffolds.css - 304 Not Modified (0ms)


Started GET "/assets/events.css?body=1" for 127.0.0.1 at 2012-11-14 17:41:16 +0100
Served asset /events.css - 304 Not Modified (0ms)


Started GET "/assets/events.js?body=1" for 127.0.0.1 at 2012-11-14 17:41:16 +0100
Served asset /events.js - 304 Not Modified (0ms)


Started GET "/assets/jquery_ujs.js?body=1" for 127.0.0.1 at 2012-11-14 17:41:16 +0100
Served asset /jquery_ujs.js - 304 Not Modified (0ms)


Started GET "/assets/jquery.js?body=1" for 127.0.0.1 at 2012-11-14 17:41:16 +0100
Served asset /jquery.js - 304 Not Modified (0ms)


Started GET "/assets/application.js?body=1" for 127.0.0.1 at 2012-11-14 17:41:16 +0100
Served asset /application.js - 304 Not Modified (0ms)


Started POST "/events" for 127.0.0.1 at 2012-11-14 17:42:00 +0100
Processing by EventsController#create as HTML
  Parameters: {"utf8"=>"✓", "authenticity_token"=>"H35tCA+bOfSdtPektpaNN7PHXvqWlhYFwILmaWzj1lg=", "event"=>{"name"=>"Fette Feier 2012", "eventdate(1i)"=>"2012", "eventdate(2i)"=>"11", "eventdate(3i)"=>"14", "doors(1i)"=>"2012", "doors(2i)"=>"11", "doors(3i)"=>"14", "doors(4i)"=>"18", "doors(5i)"=>"00", "showstart(1i)"=>"2012", "showstart(2i)"=>"11", "showstart(3i)"=>"14", "showstart(4i)"=>"19", "showstart(5i)"=>"00", "entryfee"=>"free", "description"=>"Nice", "sticky"=>"1", "published"=>"1", "galleryset_id"=>""}, "commit"=>"Create Event"}
  [1m[35m (0.0ms)[0m  begin transaction
  [1m[36mSQL (46.8ms)[0m  [1mINSERT INTO "events" ("created_at", "description", "doors", "entryfee", "eventdate", "galleryset_id", "name", "published", "showstart", "sticky", "updated_at") VALUES (?, ?, ?, ?, ?, ?, ?, ?, ?, ?, ?)[0m  [["created_at", Wed, 14 Nov 2012 16:42:00 UTC +00:00], ["description", "Nice"], ["doors", 2012-11-14 18:00:00 UTC], ["entryfee", "free"], ["eventdate", Wed, 14 Nov 2012], ["galleryset_id", nil], ["name", "Fette Feier 2012"], ["published", true], ["showstart", 2012-11-14 19:00:00 UTC], ["sticky", true], ["updated_at", Wed, 14 Nov 2012 16:42:00 UTC +00:00]]
  [1m[35m (15.6ms)[0m  commit transaction
Redirected to http://127.0.0.1:3000/events/1
Completed 302 Found in 78ms (ActiveRecord: 62.4ms)


Started GET "/events/1" for 127.0.0.1 at 2012-11-14 17:42:00 +0100
Processing by EventsController#show as HTML
  Parameters: {"id"=>"1"}
  [1m[36mEvent Load (0.0ms)[0m  [1mSELECT "events".* FROM "events" WHERE "events"."id" = ? LIMIT 1[0m  [["id", "1"]]
  Rendered events/show.html.erb within layouts/application (0.0ms)
Completed 200 OK in 32ms (Views: 31.2ms | ActiveRecord: 0.0ms)


Started GET "/assets/application.css?body=1" for 127.0.0.1 at 2012-11-14 17:42:00 +0100
Served asset /application.css - 304 Not Modified (0ms)


Started GET "/assets/events.css?body=1" for 127.0.0.1 at 2012-11-14 17:42:00 +0100
Served asset /events.css - 304 Not Modified (15ms)


Started GET "/assets/jquery.js?body=1" for 127.0.0.1 at 2012-11-14 17:42:00 +0100
Served asset /jquery.js - 304 Not Modified (0ms)


Started GET "/assets/scaffolds.css?body=1" for 127.0.0.1 at 2012-11-14 17:42:00 +0100
Served asset /scaffolds.css - 304 Not Modified (0ms)


Started GET "/assets/jquery_ujs.js?body=1" for 127.0.0.1 at 2012-11-14 17:42:00 +0100
Served asset /jquery_ujs.js - 304 Not Modified (0ms)


Started GET "/assets/events.js?body=1" for 127.0.0.1 at 2012-11-14 17:42:00 +0100
Served asset /events.js - 304 Not Modified (0ms)


Started GET "/assets/application.js?body=1" for 127.0.0.1 at 2012-11-14 17:42:00 +0100
Served asset /application.js - 304 Not Modified (0ms)


Started GET "/events" for 127.0.0.1 at 2012-11-14 17:42:05 +0100
Processing by EventsController#index as HTML
  [1m[35mEvent Load (0.0ms)[0m  SELECT "events".* FROM "events" 
  Rendered events/index.html.erb within layouts/application (0.0ms)
Completed 200 OK in 31ms (Views: 31.2ms | ActiveRecord: 0.0ms)


Started GET "/assets/application.css?body=1" for 127.0.0.1 at 2012-11-14 17:42:05 +0100
Served asset /application.css - 304 Not Modified (0ms)


Started GET "/assets/events.css?body=1" for 127.0.0.1 at 2012-11-14 17:42:05 +0100
Served asset /events.css - 304 Not Modified (0ms)


Started GET "/assets/scaffolds.css?body=1" for 127.0.0.1 at 2012-11-14 17:42:05 +0100
Served asset /scaffolds.css - 304 Not Modified (0ms)


Started GET "/assets/jquery.js?body=1" for 127.0.0.1 at 2012-11-14 17:42:05 +0100
Served asset /jquery.js - 304 Not Modified (0ms)


Started GET "/assets/jquery_ujs.js?body=1" for 127.0.0.1 at 2012-11-14 17:42:05 +0100
Served asset /jquery_ujs.js - 304 Not Modified (0ms)


Started GET "/assets/events.js?body=1" for 127.0.0.1 at 2012-11-14 17:42:05 +0100
Served asset /events.js - 304 Not Modified (0ms)


Started GET "/assets/application.js?body=1" for 127.0.0.1 at 2012-11-14 17:42:05 +0100
Served asset /application.js - 304 Not Modified (0ms)
  [1m[36m (0.0ms)[0m  [1mSELECT "schema_migrations"."version" FROM "schema_migrations" [0m
Migrating to CreateGallerySets (20121114161048)
Migrating to CreateGalleryPictures (20121114161127)
Migrating to CreateEvents (20121114163600)
  [1m[35m (0.0ms)[0m  select sqlite_version(*)
  [1m[36m (0.0ms)[0m  [1mbegin transaction[0m
  [1m[35m (0.0ms)[0m  CREATE TABLE "events" ("id" INTEGER PRIMARY KEY AUTOINCREMENT NOT NULL, "name" varchar(255), "eventdate" date, "doors" time, "showstart" time, "entryfee" varchar(255), "description" text, "sticky" boolean, "published" boolean, "galleryset_id" integer, "created_at" datetime NOT NULL, "updated_at" datetime NOT NULL) 
SQLite3::SQLException: table "events" already exists: CREATE TABLE "events" ("id" INTEGER PRIMARY KEY AUTOINCREMENT NOT NULL, "name" varchar(255), "eventdate" date, "doors" time, "showstart" time, "entryfee" varchar(255), "description" text, "sticky" boolean, "published" boolean, "galleryset_id" integer, "created_at" datetime NOT NULL, "updated_at" datetime NOT NULL) 
  [1m[36m (0.0ms)[0m  [1mrollback transaction[0m
  [1m[36m (0.0ms)[0m  [1mSELECT "schema_migrations"."version" FROM "schema_migrations" [0m
Migrating to CreateGallerySets (20121114161048)
Migrating to CreateGalleryPictures (20121114161127)
Migrating to CreateEvents (20121114163600)
  [1m[35m (0.0ms)[0m  select sqlite_version(*)
  [1m[36m (0.0ms)[0m  [1mbegin transaction[0m
  [1m[35m (0.0ms)[0m  CREATE TABLE "events" ("id" INTEGER PRIMARY KEY AUTOINCREMENT NOT NULL, "name" varchar(255), "eventdate" date, "doors" time, "showstart" time, "entryfee" varchar(255), "description" text, "sticky" boolean, "published" boolean, "galleryset_id" integer, "created_at" datetime NOT NULL, "updated_at" datetime NOT NULL) 
SQLite3::SQLException: table "events" already exists: CREATE TABLE "events" ("id" INTEGER PRIMARY KEY AUTOINCREMENT NOT NULL, "name" varchar(255), "eventdate" date, "doors" time, "showstart" time, "entryfee" varchar(255), "description" text, "sticky" boolean, "published" boolean, "galleryset_id" integer, "created_at" datetime NOT NULL, "updated_at" datetime NOT NULL) 
  [1m[36m (0.0ms)[0m  [1mrollback transaction[0m
  [1m[36m (31.2ms)[0m  [1mselect sqlite_version(*)[0m
  [1m[35m (0.0ms)[0m  DROP TABLE "bands"
  [1m[36m (0.0ms)[0m  [1mCREATE TABLE "bands" ("id" INTEGER PRIMARY KEY AUTOINCREMENT NOT NULL, "name" varchar(255), "bandinfo" text, "email" varchar(255), "telephone" varchar(255), "homepage" varchar(255), "picture" varchar(255), "notices" varchar(255), "type" varchar(255), "created_at" datetime NOT NULL, "updated_at" datetime NOT NULL) [0m
  [1m[35m (0.0ms)[0m  DROP TABLE "events"
  [1m[36m (0.0ms)[0m  [1mCREATE TABLE "events" ("id" INTEGER PRIMARY KEY AUTOINCREMENT NOT NULL, "name" varchar(255), "eventdate" date, "doors" time, "showstart" time, "entryfee" varchar(255), "description" text, "sticky" boolean, "published" boolean, "galleryset_id" integer, "created_at" datetime NOT NULL, "updated_at" datetime NOT NULL) [0m
  [1m[35m (15.6ms)[0m  DROP TABLE "gallery_pictures"
  [1m[36m (0.0ms)[0m  [1mCREATE TABLE "gallery_pictures" ("id" INTEGER PRIMARY KEY AUTOINCREMENT NOT NULL, "filename" varchar(255), "galleryset_id" integer, "created_at" datetime NOT NULL, "updated_at" datetime NOT NULL) [0m
  [1m[35m (15.6ms)[0m  DROP TABLE "gallery_sets"
  [1m[36m (0.0ms)[0m  [1mCREATE TABLE "gallery_sets" ("id" INTEGER PRIMARY KEY AUTOINCREMENT NOT NULL, "title" varchar(255), "description" text, "year" integer, "event_id" integer, "user_id" integer, "created_at" datetime NOT NULL, "updated_at" datetime NOT NULL) [0m
  [1m[35m (0.0ms)[0m  DROP TABLE "guestbook_entries"
  [1m[36m (15.6ms)[0m  [1mCREATE TABLE "guestbook_entries" ("id" INTEGER PRIMARY KEY AUTOINCREMENT NOT NULL, "name" varchar(255), "email" varchar(255), "town" varchar(255), "message" text, "refer_to" integer, "posted_time" varchar(255), "datetime" varchar(255), "created_at" datetime NOT NULL, "updated_at" datetime NOT NULL) [0m
  [1m[35m (0.0ms)[0m  DROP TABLE "members"
  [1m[36m (15.6ms)[0m  [1mCREATE TABLE "members" ("id" INTEGER PRIMARY KEY AUTOINCREMENT NOT NULL, "lastname" varchar(255), "firstname" varchar(255), "address_street" varchar(255), "address_zip" varchar(255), "address_town" varchar(255), "telephone" varchar(255), "email" varchar(255), "entrydate" date, "birthday" date, "bankaccount_nr" varchar(255), "bankaccount_blz" varchar(255), "bankaccount_bankname" varchar(255), "created_at" datetime NOT NULL, "updated_at" datetime NOT NULL) [0m
  [1m[35m (0.0ms)[0m  DROP TABLE "users"
  [1m[36m (15.6ms)[0m  [1mCREATE TABLE "users" ("id" INTEGER PRIMARY KEY AUTOINCREMENT NOT NULL, "email" varchar(255), "password" varchar(255), "lastname" varchar(255), "firstname" varchar(255), "title" varchar(255), "job" varchar(255), "usertyp" varchar(255), "created_at" datetime NOT NULL, "updated_at" datetime NOT NULL) [0m
  [1m[35m (0.0ms)[0m  SELECT version FROM "schema_migrations"
  [1m[36m (0.0ms)[0m  [1mSELECT "schema_migrations"."version" FROM "schema_migrations" [0m
  [1m[36m (31.2ms)[0m  [1mselect sqlite_version(*)[0m
  [1m[35m (0.0ms)[0m  CREATE TABLE "bands" ("id" INTEGER PRIMARY KEY AUTOINCREMENT NOT NULL, "name" varchar(255), "bandinfo" text, "email" varchar(255), "telephone" varchar(255), "homepage" varchar(255), "picture" varchar(255), "notices" varchar(255), "type" varchar(255), "created_at" datetime NOT NULL, "updated_at" datetime NOT NULL) 
  [1m[36m (15.6ms)[0m  [1mCREATE TABLE "events" ("id" INTEGER PRIMARY KEY AUTOINCREMENT NOT NULL, "name" varchar(255), "eventdate" date, "doors" time, "showstart" time, "entryfee" varchar(255), "description" text, "sticky" boolean, "published" boolean, "galleryset_id" integer, "created_at" datetime NOT NULL, "updated_at" datetime NOT NULL) [0m
  [1m[35m (0.0ms)[0m  CREATE TABLE "gallery_pictures" ("id" INTEGER PRIMARY KEY AUTOINCREMENT NOT NULL, "filename" varchar(255), "galleryset_id" integer, "created_at" datetime NOT NULL, "updated_at" datetime NOT NULL) 
  [1m[36m (15.6ms)[0m  [1mCREATE TABLE "gallery_sets" ("id" INTEGER PRIMARY KEY AUTOINCREMENT NOT NULL, "title" varchar(255), "description" text, "year" integer, "event_id" integer, "user_id" integer, "created_at" datetime NOT NULL, "updated_at" datetime NOT NULL) [0m
  [1m[35m (0.0ms)[0m  CREATE TABLE "guestbook_entries" ("id" INTEGER PRIMARY KEY AUTOINCREMENT NOT NULL, "name" varchar(255), "email" varchar(255), "town" varchar(255), "message" text, "refer_to" integer, "posted_time" varchar(255), "datetime" varchar(255), "created_at" datetime NOT NULL, "updated_at" datetime NOT NULL) 
  [1m[36m (15.6ms)[0m  [1mCREATE TABLE "members" ("id" INTEGER PRIMARY KEY AUTOINCREMENT NOT NULL, "lastname" varchar(255), "firstname" varchar(255), "address_street" varchar(255), "address_zip" varchar(255), "address_town" varchar(255), "telephone" varchar(255), "email" varchar(255), "entrydate" date, "birthday" date, "bankaccount_nr" varchar(255), "bankaccount_blz" varchar(255), "bankaccount_bankname" varchar(255), "created_at" datetime NOT NULL, "updated_at" datetime NOT NULL) [0m
  [1m[35m (0.0ms)[0m  CREATE TABLE "users" ("id" INTEGER PRIMARY KEY AUTOINCREMENT NOT NULL, "email" varchar(255), "password" varchar(255), "lastname" varchar(255), "firstname" varchar(255), "title" varchar(255), "job" varchar(255), "usertyp" varchar(255), "created_at" datetime NOT NULL, "updated_at" datetime NOT NULL) 
  [1m[36m (15.6ms)[0m  [1mCREATE TABLE "schema_migrations" ("version" varchar(255) NOT NULL) [0m
  [1m[35m (0.0ms)[0m  PRAGMA index_list("schema_migrations")
  [1m[36m (0.0ms)[0m  [1mCREATE UNIQUE INDEX "unique_schema_migrations" ON "schema_migrations" ("version")[0m
  [1m[35m (0.0ms)[0m  SELECT version FROM "schema_migrations"
  [1m[36m (0.0ms)[0m  [1mINSERT INTO "schema_migrations" (version) VALUES ('20121114161155')[0m
  [1m[35m (15.6ms)[0m  INSERT INTO "schema_migrations" (version) VALUES ('20121114161048')
  [1m[36m (0.0ms)[0m  [1mINSERT INTO "schema_migrations" (version) VALUES ('20121114161127')[0m
  [1m[35m (0.0ms)[0m  SELECT "schema_migrations"."version" FROM "schema_migrations" 
  [1m[36m (0.0ms)[0m  [1mSELECT "schema_migrations"."version" FROM "schema_migrations" [0m
Migrating to CreateGallerySets (20121114161048)
Migrating to CreateGalleryPictures (20121114161127)
Migrating to CreateEvents (20121114163600)
  [1m[35m (0.0ms)[0m  select sqlite_version(*)
  [1m[36m (0.0ms)[0m  [1mbegin transaction[0m
  [1m[35m (0.0ms)[0m  CREATE TABLE "events" ("id" INTEGER PRIMARY KEY AUTOINCREMENT NOT NULL, "name" varchar(255), "eventdate" date, "doors" time, "showstart" time, "entryfee" varchar(255), "description" text, "sticky" boolean, "published" boolean, "galleryset_id" integer, "created_at" datetime NOT NULL, "updated_at" datetime NOT NULL) 
SQLite3::SQLException: table "events" already exists: CREATE TABLE "events" ("id" INTEGER PRIMARY KEY AUTOINCREMENT NOT NULL, "name" varchar(255), "eventdate" date, "doors" time, "showstart" time, "entryfee" varchar(255), "description" text, "sticky" boolean, "published" boolean, "galleryset_id" integer, "created_at" datetime NOT NULL, "updated_at" datetime NOT NULL) 
  [1m[36m (0.0ms)[0m  [1mrollback transaction[0m
  [1m[36m (0.0ms)[0m  [1mselect sqlite_version(*)[0m
  [1m[35m (15.6ms)[0m  CREATE TABLE "schema_migrations" ("version" varchar(255) NOT NULL) 
  [1m[36m (0.0ms)[0m  [1mPRAGMA index_list("schema_migrations")[0m
  [1m[35m (0.0ms)[0m  CREATE UNIQUE INDEX "unique_schema_migrations" ON "schema_migrations" ("version")
  [1m[36m (0.0ms)[0m  [1mSELECT "schema_migrations"."version" FROM "schema_migrations" [0m
Migrating to CreateGallerySets (20121114161048)
  [1m[35m (0.0ms)[0m  begin transaction
  [1m[36m (0.0ms)[0m  [1mCREATE TABLE "gallery_sets" ("id" INTEGER PRIMARY KEY AUTOINCREMENT NOT NULL, "title" varchar(255), "description" text, "year" integer, "event_id" integer, "user_id" integer, "created_at" datetime NOT NULL, "updated_at" datetime NOT NULL) [0m
  [1m[35m (0.0ms)[0m  INSERT INTO "schema_migrations" ("version") VALUES ('20121114161048')
  [1m[36m (0.0ms)[0m  [1mcommit transaction[0m
Migrating to CreateGalleryPictures (20121114161127)
  [1m[35m (0.0ms)[0m  begin transaction
  [1m[36m (0.0ms)[0m  [1mCREATE TABLE "gallery_pictures" ("id" INTEGER PRIMARY KEY AUTOINCREMENT NOT NULL, "filename" varchar(255), "galleryset_id" integer, "created_at" datetime NOT NULL, "updated_at" datetime NOT NULL) [0m
  [1m[35m (0.0ms)[0m  INSERT INTO "schema_migrations" ("version") VALUES ('20121114161127')
  [1m[36m (0.0ms)[0m  [1mcommit transaction[0m
Migrating to CreateEvents (20121114163600)
  [1m[35m (0.0ms)[0m  begin transaction
  [1m[36m (0.0ms)[0m  [1mCREATE TABLE "events" ("id" INTEGER PRIMARY KEY AUTOINCREMENT NOT NULL, "name" varchar(255), "eventdate" date, "doors" time, "showstart" time, "entryfee" varchar(255), "description" text, "sticky" boolean, "published" boolean, "galleryset_id" integer, "created_at" datetime NOT NULL, "updated_at" datetime NOT NULL) [0m
  [1m[35m (0.0ms)[0m  INSERT INTO "schema_migrations" ("version") VALUES ('20121114163600')
  [1m[36m (31.2ms)[0m  [1mcommit transaction[0m
Migrating to CreateBands (20121114164428)
  [1m[35m (0.0ms)[0m  begin transaction
  [1m[36m (15.6ms)[0m  [1mCREATE TABLE "bands" ("id" INTEGER PRIMARY KEY AUTOINCREMENT NOT NULL, "name" varchar(255), "bandinfo" text, "email" varchar(255), "telephone" varchar(255), "homepage" varchar(255), "picture" varchar(255), "notices" varchar(255), "type" varchar(255), "created_at" datetime NOT NULL, "updated_at" datetime NOT NULL) [0m
  [1m[35m (0.0ms)[0m  INSERT INTO "schema_migrations" ("version") VALUES ('20121114164428')
  [1m[36m (15.6ms)[0m  [1mcommit transaction[0m
Migrating to CreateUsers (20121114164523)
  [1m[35m (0.0ms)[0m  begin transaction
  [1m[36m (0.0ms)[0m  [1mCREATE TABLE "users" ("id" INTEGER PRIMARY KEY AUTOINCREMENT NOT NULL, "email" varchar(255), "password" varchar(255), "lastname" varchar(255), "firstname" varchar(255), "title" varchar(255), "job" varchar(255), "usertyp" varchar(255), "created_at" datetime NOT NULL, "updated_at" datetime NOT NULL) [0m
  [1m[35m (0.0ms)[0m  INSERT INTO "schema_migrations" ("version") VALUES ('20121114164523')
  [1m[36m (0.0ms)[0m  [1mcommit transaction[0m
Migrating to CreateMembers (20121114164621)
  [1m[35m (0.0ms)[0m  begin transaction
  [1m[36m (0.0ms)[0m  [1mCREATE TABLE "members" ("id" INTEGER PRIMARY KEY AUTOINCREMENT NOT NULL, "lastname" varchar(255), "firstname" varchar(255), "address_street" varchar(255), "address_zip" varchar(255), "address_town" varchar(255), "telephone" varchar(255), "email" varchar(255), "entrydate" date, "birthday" date, "bankaccount_nr" varchar(255), "bankaccount_blz" varchar(255), "bankaccount_bankname" varchar(255), "created_at" datetime NOT NULL, "updated_at" datetime NOT NULL) [0m
  [1m[35m (0.0ms)[0m  INSERT INTO "schema_migrations" ("version") VALUES ('20121114164621')
  [1m[36m (0.0ms)[0m  [1mcommit transaction[0m
Migrating to CreateGuestbookEntries (20121114164740)
  [1m[35m (0.0ms)[0m  begin transaction
  [1m[36m (0.0ms)[0m  [1mCREATE TABLE "guestbook_entries" ("id" INTEGER PRIMARY KEY AUTOINCREMENT NOT NULL, "name" varchar(255), "email" varchar(255), "town" varchar(255), "message" text, "refer_to" integer, "posted_time" varchar(255), "datetime" varchar(255), "created_at" datetime NOT NULL, "updated_at" datetime NOT NULL) [0m
  [1m[35m (0.0ms)[0m  INSERT INTO "schema_migrations" ("version") VALUES ('20121114164740')
  [1m[36m (0.0ms)[0m  [1mcommit transaction[0m
  [1m[35m (0.0ms)[0m  select sqlite_version(*)
  [1m[36m (0.0ms)[0m  [1mSELECT "schema_migrations"."version" FROM "schema_migrations" [0m
  [1m[35m (0.0ms)[0m  PRAGMA index_list("bands")
  [1m[36m (0.0ms)[0m  [1mPRAGMA index_list("events")[0m
  [1m[35m (0.0ms)[0m  PRAGMA index_list("gallery_pictures")
  [1m[36m (0.0ms)[0m  [1mPRAGMA index_list("gallery_sets")[0m
  [1m[35m (0.0ms)[0m  PRAGMA index_list("guestbook_entries")
  [1m[36m (0.0ms)[0m  [1mPRAGMA index_list("members")[0m
  [1m[35m (0.0ms)[0m  PRAGMA index_list("users")


Started GET "/" for 127.0.0.1 at 2012-11-28 16:03:08 +0100
Processing by EventsController#index as HTML
  [1m[36mEvent Load (0.0ms)[0m  [1mSELECT "events".* FROM "events" [0m
  Rendered events/index.html.erb within layouts/application (46.8ms)
Compiled bands.css  (46ms)  (pid 5796)
Compiled guestbook_entries.css  (0ms)  (pid 5796)
Compiled members.css  (0ms)  (pid 5796)
Compiled application.css  (140ms)  (pid 5796)
Compiled bands.js  (514ms)  (pid 5796)
Compiled guestbook_entries.js  (249ms)  (pid 5796)
Compiled members.js  (218ms)  (pid 5796)
Compiled application.js  (1076ms)  (pid 5796)
Completed 200 OK in 1903ms (Views: 1903.2ms | ActiveRecord: 0.0ms)


Started GET "/assets/application.css?body=1" for 127.0.0.1 at 2012-11-28 16:03:13 +0100
Served asset /application.css - 200 OK (15ms)


Started GET "/assets/bands.css?body=1" for 127.0.0.1 at 2012-11-28 16:03:13 +0100
Served asset /bands.css - 200 OK (0ms)


Started GET "/assets/guestbook_entries.css?body=1" for 127.0.0.1 at 2012-11-28 16:03:13 +0100
Served asset /guestbook_entries.css - 200 OK (15ms)


Started GET "/assets/events.css?body=1" for 127.0.0.1 at 2012-11-28 16:03:13 +0100
Served asset /events.css - 304 Not Modified (0ms)


Started GET "/assets/members.css?body=1" for 127.0.0.1 at 2012-11-28 16:03:13 +0100
Served asset /members.css - 200 OK (0ms)


Started GET "/assets/scaffolds.css?body=1" for 127.0.0.1 at 2012-11-28 16:03:13 +0100
Served asset /scaffolds.css - 200 OK (0ms)


Started GET "/assets/jquery.js?body=1" for 127.0.0.1 at 2012-11-28 16:03:13 +0100
Served asset /jquery.js - 304 Not Modified (0ms)


Started GET "/assets/jquery_ujs.js?body=1" for 127.0.0.1 at 2012-11-28 16:03:13 +0100
Served asset /jquery_ujs.js - 304 Not Modified (0ms)


Started GET "/assets/bands.js?body=1" for 127.0.0.1 at 2012-11-28 16:03:13 +0100
Served asset /bands.js - 200 OK (0ms)


Started GET "/assets/events.js?body=1" for 127.0.0.1 at 2012-11-28 16:03:13 +0100
Served asset /events.js - 304 Not Modified (0ms)


Started GET "/assets/guestbook_entries.js?body=1" for 127.0.0.1 at 2012-11-28 16:03:13 +0100
Served asset /guestbook_entries.js - 200 OK (0ms)


Started GET "/assets/members.js?body=1" for 127.0.0.1 at 2012-11-28 16:03:14 +0100
Served asset /members.js - 200 OK (0ms)


Started GET "/assets/application.js?body=1" for 127.0.0.1 at 2012-11-28 16:03:14 +0100
Served asset /application.js - 200 OK (15ms)


Started GET "/" for 127.0.0.1 at 2012-11-28 16:24:55 +0100
Processing by EventsController#index as HTML
  [1m[35mEvent Load (0.0ms)[0m  SELECT "events".* FROM "events" 
  Rendered events/index.html.erb within layouts/application (0.0ms)
Compiled application.css  (0ms)  (pid 5796)
Completed 200 OK in 109ms (Views: 109.2ms | ActiveRecord: 0.0ms)


Started GET "/assets/application.css?body=1" for 127.0.0.1 at 2012-11-28 16:24:55 +0100
Served asset /application.css - 200 OK (31ms)


Started GET "/assets/bands.css?body=1" for 127.0.0.1 at 2012-11-28 16:24:55 +0100
Served asset /bands.css - 304 Not Modified (0ms)


Started GET "/assets/guestbook_entries.css?body=1" for 127.0.0.1 at 2012-11-28 16:24:55 +0100
Served asset /guestbook_entries.css - 304 Not Modified (15ms)


Started GET "/assets/members.css?body=1" for 127.0.0.1 at 2012-11-28 16:24:55 +0100
Served asset /members.css - 304 Not Modified (0ms)


Started GET "/assets/events.css?body=1" for 127.0.0.1 at 2012-11-28 16:24:55 +0100
Served asset /events.css - 304 Not Modified (0ms)


Started GET "/assets/scaffolds.css?body=1" for 127.0.0.1 at 2012-11-28 16:24:55 +0100
Served asset /scaffolds.css - 304 Not Modified (0ms)


Started GET "/assets/jquery.js?body=1" for 127.0.0.1 at 2012-11-28 16:24:55 +0100
Served asset /jquery.js - 304 Not Modified (0ms)


Started GET "/assets/jquery_ujs.js?body=1" for 127.0.0.1 at 2012-11-28 16:24:55 +0100
Served asset /jquery_ujs.js - 304 Not Modified (0ms)


Started GET "/assets/bands.js?body=1" for 127.0.0.1 at 2012-11-28 16:24:55 +0100
Served asset /bands.js - 304 Not Modified (0ms)


Started GET "/assets/events.js?body=1" for 127.0.0.1 at 2012-11-28 16:24:55 +0100
Served asset /events.js - 304 Not Modified (0ms)


Started GET "/assets/guestbook_entries.js?body=1" for 127.0.0.1 at 2012-11-28 16:24:55 +0100
Served asset /guestbook_entries.js - 304 Not Modified (0ms)


Started GET "/assets/application.js?body=1" for 127.0.0.1 at 2012-11-28 16:24:55 +0100
Served asset /application.js - 304 Not Modified (0ms)


Started GET "/assets/members.js?body=1" for 127.0.0.1 at 2012-11-28 16:24:55 +0100
Served asset /members.js - 304 Not Modified (0ms)


Started GET "/" for 127.0.0.1 at 2012-11-28 16:25:56 +0100
Processing by EventsController#index as HTML
  [1m[36mEvent Load (0.0ms)[0m  [1mSELECT "events".* FROM "events" [0m
  Rendered events/index.html.erb within layouts/application (0.0ms)
Compiled application.css  (0ms)  (pid 5796)
Completed 200 OK in 94ms (Views: 93.6ms | ActiveRecord: 0.0ms)


Started GET "/assets/application.css?body=1" for 127.0.0.1 at 2012-11-28 16:25:57 +0100
Served asset /application.css - 200 OK (15ms)


Started GET "/assets/bands.css?body=1" for 127.0.0.1 at 2012-11-28 16:25:57 +0100
Served asset /bands.css - 304 Not Modified (0ms)


Started GET "/assets/events.css?body=1" for 127.0.0.1 at 2012-11-28 16:25:57 +0100
Served asset /events.css - 304 Not Modified (0ms)


Started GET "/assets/guestbook_entries.css?body=1" for 127.0.0.1 at 2012-11-28 16:25:57 +0100
Served asset /guestbook_entries.css - 304 Not Modified (0ms)


Started GET "/assets/members.css?body=1" for 127.0.0.1 at 2012-11-28 16:25:57 +0100
Served asset /members.css - 304 Not Modified (0ms)


Started GET "/assets/scaffolds.css?body=1" for 127.0.0.1 at 2012-11-28 16:25:57 +0100
Served asset /scaffolds.css - 304 Not Modified (0ms)


Started GET "/assets/jquery.js?body=1" for 127.0.0.1 at 2012-11-28 16:25:57 +0100
Served asset /jquery.js - 304 Not Modified (0ms)


Started GET "/assets/jquery_ujs.js?body=1" for 127.0.0.1 at 2012-11-28 16:25:57 +0100
Served asset /jquery_ujs.js - 304 Not Modified (0ms)


Started GET "/assets/bands.js?body=1" for 127.0.0.1 at 2012-11-28 16:25:57 +0100
Served asset /bands.js - 304 Not Modified (0ms)


Started GET "/assets/events.js?body=1" for 127.0.0.1 at 2012-11-28 16:25:57 +0100
Served asset /events.js - 304 Not Modified (0ms)


Started GET "/assets/guestbook_entries.js?body=1" for 127.0.0.1 at 2012-11-28 16:25:57 +0100
Served asset /guestbook_entries.js - 304 Not Modified (0ms)


Started GET "/assets/members.js?body=1" for 127.0.0.1 at 2012-11-28 16:25:57 +0100
Served asset /members.js - 304 Not Modified (0ms)


Started GET "/assets/application.js?body=1" for 127.0.0.1 at 2012-11-28 16:25:57 +0100
Served asset /application.js - 304 Not Modified (0ms)


Started GET "/" for 127.0.0.1 at 2012-11-28 16:30:49 +0100
Processing by EventsController#index as HTML
  [1m[35mEvent Load (0.0ms)[0m  SELECT "events".* FROM "events" 
  Rendered events/index.html.erb within layouts/application (15.6ms)
Completed 200 OK in 47ms (Views: 46.8ms | ActiveRecord: 0.0ms)


Started GET "/assets/application.css?body=1" for 127.0.0.1 at 2012-11-28 16:30:49 +0100
Served asset /application.css - 304 Not Modified (0ms)


Started GET "/assets/bands.css?body=1" for 127.0.0.1 at 2012-11-28 16:30:49 +0100
Served asset /bands.css - 304 Not Modified (0ms)


Started GET "/assets/events.css?body=1" for 127.0.0.1 at 2012-11-28 16:30:49 +0100
Served asset /events.css - 304 Not Modified (0ms)


Started GET "/assets/guestbook_entries.css?body=1" for 127.0.0.1 at 2012-11-28 16:30:49 +0100
Served asset /guestbook_entries.css - 304 Not Modified (0ms)


Started GET "/assets/members.css?body=1" for 127.0.0.1 at 2012-11-28 16:30:49 +0100
Served asset /members.css - 304 Not Modified (0ms)


Started GET "/assets/scaffolds.css?body=1" for 127.0.0.1 at 2012-11-28 16:30:49 +0100
Served asset /scaffolds.css - 304 Not Modified (0ms)


Started GET "/assets/jquery.js?body=1" for 127.0.0.1 at 2012-11-28 16:30:49 +0100
Served asset /jquery.js - 304 Not Modified (0ms)


Started GET "/assets/jquery_ujs.js?body=1" for 127.0.0.1 at 2012-11-28 16:30:49 +0100
Served asset /jquery_ujs.js - 304 Not Modified (0ms)


Started GET "/assets/bands.js?body=1" for 127.0.0.1 at 2012-11-28 16:30:49 +0100
Served asset /bands.js - 304 Not Modified (0ms)


Started GET "/assets/events.js?body=1" for 127.0.0.1 at 2012-11-28 16:30:49 +0100
Served asset /events.js - 304 Not Modified (0ms)


Started GET "/assets/members.js?body=1" for 127.0.0.1 at 2012-11-28 16:30:49 +0100
Served asset /members.js - 304 Not Modified (0ms)


Started GET "/assets/application.js?body=1" for 127.0.0.1 at 2012-11-28 16:30:49 +0100
Served asset /application.js - 304 Not Modified (0ms)


Started GET "/assets/guestbook_entries.js?body=1" for 127.0.0.1 at 2012-11-28 16:30:49 +0100
Served asset /guestbook_entries.js - 304 Not Modified (0ms)


Started GET "/" for 127.0.0.1 at 2012-11-28 16:31:11 +0100
Processing by EventsController#index as HTML
  [1m[36mEvent Load (0.0ms)[0m  [1mSELECT "events".* FROM "events" [0m
  Rendered events/index.html.erb within layouts/application (0.0ms)
Compiled application.css  (0ms)  (pid 5796)
Completed 200 OK in 125ms (Views: 124.8ms | ActiveRecord: 0.0ms)


Started GET "/assets/bands.css?body=1" for 127.0.0.1 at 2012-11-28 16:31:11 +0100
Served asset /bands.css - 304 Not Modified (0ms)


Started GET "/assets/events.css?body=1" for 127.0.0.1 at 2012-11-28 16:31:11 +0100
Served asset /events.css - 304 Not Modified (0ms)


Started GET "/assets/guestbook_entries.css?body=1" for 127.0.0.1 at 2012-11-28 16:31:11 +0100
Served asset /guestbook_entries.css - 304 Not Modified (0ms)


Started GET "/assets/scaffolds.css?body=1" for 127.0.0.1 at 2012-11-28 16:31:11 +0100
Served asset /scaffolds.css - 304 Not Modified (0ms)


Started GET "/assets/members.css?body=1" for 127.0.0.1 at 2012-11-28 16:31:11 +0100
Served asset /members.css - 304 Not Modified (0ms)


Started GET "/assets/application.css?body=1" for 127.0.0.1 at 2012-11-28 16:31:11 +0100
Served asset /application.css - 200 OK (15ms)


Started GET "/assets/jquery.js?body=1" for 127.0.0.1 at 2012-11-28 16:31:11 +0100
Served asset /jquery.js - 304 Not Modified (0ms)


Started GET "/assets/jquery_ujs.js?body=1" for 127.0.0.1 at 2012-11-28 16:31:11 +0100
Served asset /jquery_ujs.js - 304 Not Modified (0ms)


Started GET "/assets/bands.js?body=1" for 127.0.0.1 at 2012-11-28 16:31:11 +0100
Served asset /bands.js - 304 Not Modified (0ms)


Started GET "/assets/events.js?body=1" for 127.0.0.1 at 2012-11-28 16:31:11 +0100
Served asset /events.js - 304 Not Modified (0ms)


Started GET "/assets/guestbook_entries.js?body=1" for 127.0.0.1 at 2012-11-28 16:31:11 +0100
Served asset /guestbook_entries.js - 304 Not Modified (0ms)


Started GET "/assets/members.js?body=1" for 127.0.0.1 at 2012-11-28 16:31:11 +0100
Served asset /members.js - 304 Not Modified (0ms)


Started GET "/assets/application.js?body=1" for 127.0.0.1 at 2012-11-28 16:31:11 +0100
Served asset /application.js - 304 Not Modified (15ms)


Started GET "/" for 127.0.0.1 at 2012-11-28 16:31:21 +0100
Processing by EventsController#index as HTML
  [1m[35mEvent Load (0.0ms)[0m  SELECT "events".* FROM "events" 
  Rendered events/index.html.erb within layouts/application (0.0ms)
Compiled application.css  (15ms)  (pid 5796)
Completed 200 OK in 94ms (Views: 93.6ms | ActiveRecord: 0.0ms)


Started GET "/assets/application.css?body=1" for 127.0.0.1 at 2012-11-28 16:31:22 +0100
Served asset /application.css - 200 OK (15ms)


Started GET "/assets/bands.css?body=1" for 127.0.0.1 at 2012-11-28 16:31:22 +0100
Served asset /bands.css - 304 Not Modified (0ms)


Started GET "/assets/events.css?body=1" for 127.0.0.1 at 2012-11-28 16:31:22 +0100
Served asset /events.css - 304 Not Modified (0ms)


Started GET "/assets/guestbook_entries.css?body=1" for 127.0.0.1 at 2012-11-28 16:31:22 +0100
Served asset /guestbook_entries.css - 304 Not Modified (0ms)


Started GET "/assets/members.css?body=1" for 127.0.0.1 at 2012-11-28 16:31:22 +0100
Served asset /members.css - 304 Not Modified (0ms)


Started GET "/assets/scaffolds.css?body=1" for 127.0.0.1 at 2012-11-28 16:31:22 +0100
Served asset /scaffolds.css - 304 Not Modified (0ms)


Started GET "/assets/jquery.js?body=1" for 127.0.0.1 at 2012-11-28 16:31:22 +0100
Served asset /jquery.js - 304 Not Modified (15ms)


Started GET "/assets/jquery_ujs.js?body=1" for 127.0.0.1 at 2012-11-28 16:31:22 +0100
Served asset /jquery_ujs.js - 304 Not Modified (0ms)


Started GET "/assets/bands.js?body=1" for 127.0.0.1 at 2012-11-28 16:31:22 +0100
Served asset /bands.js - 304 Not Modified (0ms)


Started GET "/assets/events.js?body=1" for 127.0.0.1 at 2012-11-28 16:31:22 +0100
Served asset /events.js - 304 Not Modified (0ms)


Started GET "/assets/guestbook_entries.js?body=1" for 127.0.0.1 at 2012-11-28 16:31:22 +0100
Served asset /guestbook_entries.js - 304 Not Modified (0ms)


Started GET "/assets/members.js?body=1" for 127.0.0.1 at 2012-11-28 16:31:22 +0100
Served asset /members.js - 304 Not Modified (0ms)


Started GET "/assets/application.js?body=1" for 127.0.0.1 at 2012-11-28 16:31:22 +0100
Served asset /application.js - 304 Not Modified (0ms)


Started GET "/" for 127.0.0.1 at 2012-11-28 16:31:36 +0100
Processing by EventsController#index as HTML
  [1m[36mEvent Load (0.0ms)[0m  [1mSELECT "events".* FROM "events" [0m
  Rendered events/index.html.erb within layouts/application (0.0ms)
Compiled application.css  (0ms)  (pid 5796)
Completed 200 OK in 62ms (Views: 62.4ms | ActiveRecord: 0.0ms)


Started GET "/assets/application.css?body=1" for 127.0.0.1 at 2012-11-28 16:31:37 +0100
Served asset /application.css - 200 OK (31ms)


Started GET "/assets/bands.css?body=1" for 127.0.0.1 at 2012-11-28 16:31:37 +0100
Served asset /bands.css - 304 Not Modified (0ms)


Started GET "/assets/guestbook_entries.css?body=1" for 127.0.0.1 at 2012-11-28 16:31:37 +0100
Served asset /guestbook_entries.css - 304 Not Modified (0ms)


Started GET "/assets/events.css?body=1" for 127.0.0.1 at 2012-11-28 16:31:37 +0100
Served asset /events.css - 304 Not Modified (0ms)


Started GET "/assets/members.css?body=1" for 127.0.0.1 at 2012-11-28 16:31:37 +0100
Served asset /members.css - 304 Not Modified (0ms)


Started GET "/assets/scaffolds.css?body=1" for 127.0.0.1 at 2012-11-28 16:31:37 +0100
Served asset /scaffolds.css - 304 Not Modified (0ms)


Started GET "/assets/jquery.js?body=1" for 127.0.0.1 at 2012-11-28 16:31:37 +0100
Served asset /jquery.js - 304 Not Modified (0ms)


Started GET "/assets/jquery_ujs.js?body=1" for 127.0.0.1 at 2012-11-28 16:31:37 +0100
Served asset /jquery_ujs.js - 304 Not Modified (0ms)


Started GET "/assets/bands.js?body=1" for 127.0.0.1 at 2012-11-28 16:31:37 +0100
Served asset /bands.js - 304 Not Modified (0ms)


Started GET "/assets/events.js?body=1" for 127.0.0.1 at 2012-11-28 16:31:37 +0100
Served asset /events.js - 304 Not Modified (0ms)


Started GET "/assets/guestbook_entries.js?body=1" for 127.0.0.1 at 2012-11-28 16:31:37 +0100
Served asset /guestbook_entries.js - 304 Not Modified (0ms)


Started GET "/assets/members.js?body=1" for 127.0.0.1 at 2012-11-28 16:31:37 +0100
Served asset /members.js - 304 Not Modified (0ms)


Started GET "/assets/application.js?body=1" for 127.0.0.1 at 2012-11-28 16:31:37 +0100
Served asset /application.js - 304 Not Modified (0ms)


Started GET "/" for 127.0.0.1 at 2012-11-28 16:31:47 +0100
Processing by EventsController#index as HTML
  [1m[35mEvent Load (0.0ms)[0m  SELECT "events".* FROM "events" 
  Rendered events/index.html.erb within layouts/application (0.0ms)
Compiled application.css  (15ms)  (pid 5796)
Completed 200 OK in 94ms (Views: 93.6ms | ActiveRecord: 0.0ms)


Started GET "/assets/application.css?body=1" for 127.0.0.1 at 2012-11-28 16:31:47 +0100
Served asset /application.css - 200 OK (15ms)


Started GET "/assets/bands.css?body=1" for 127.0.0.1 at 2012-11-28 16:31:47 +0100
Served asset /bands.css - 304 Not Modified (0ms)


Started GET "/assets/events.css?body=1" for 127.0.0.1 at 2012-11-28 16:31:47 +0100
Served asset /events.css - 304 Not Modified (0ms)


Started GET "/assets/guestbook_entries.css?body=1" for 127.0.0.1 at 2012-11-28 16:31:47 +0100
Served asset /guestbook_entries.css - 304 Not Modified (0ms)


Started GET "/assets/jquery.js?body=1" for 127.0.0.1 at 2012-11-28 16:31:47 +0100
Served asset /jquery.js - 304 Not Modified (0ms)


Started GET "/assets/members.css?body=1" for 127.0.0.1 at 2012-11-28 16:31:47 +0100
Served asset /members.css - 304 Not Modified (0ms)


Started GET "/assets/scaffolds.css?body=1" for 127.0.0.1 at 2012-11-28 16:31:47 +0100
Served asset /scaffolds.css - 304 Not Modified (0ms)


Started GET "/assets/jquery_ujs.js?body=1" for 127.0.0.1 at 2012-11-28 16:31:47 +0100
Served asset /jquery_ujs.js - 304 Not Modified (0ms)


Started GET "/assets/events.js?body=1" for 127.0.0.1 at 2012-11-28 16:31:47 +0100
Served asset /events.js - 304 Not Modified (0ms)


Started GET "/assets/bands.js?body=1" for 127.0.0.1 at 2012-11-28 16:31:47 +0100
Served asset /bands.js - 304 Not Modified (0ms)


Started GET "/assets/members.js?body=1" for 127.0.0.1 at 2012-11-28 16:31:47 +0100
Served asset /members.js - 304 Not Modified (0ms)


Started GET "/assets/guestbook_entries.js?body=1" for 127.0.0.1 at 2012-11-28 16:31:47 +0100
Served asset /guestbook_entries.js - 304 Not Modified (0ms)


Started GET "/assets/application.js?body=1" for 127.0.0.1 at 2012-11-28 16:31:47 +0100
Served asset /application.js - 304 Not Modified (0ms)


Started GET "/" for 127.0.0.1 at 2012-11-28 16:36:34 +0100
Processing by EventsController#index as HTML
  [1m[36mEvent Load (0.0ms)[0m  [1mSELECT "events".* FROM "events" [0m
  Rendered events/index.html.erb within layouts/application (0.0ms)
Compiled application.css  (15ms)  (pid 5796)
Completed 200 OK in 94ms (Views: 93.6ms | ActiveRecord: 0.0ms)


Started GET "/assets/application.css?body=1" for 127.0.0.1 at 2012-11-28 16:36:34 +0100
Served asset /application.css - 200 OK (31ms)


Started GET "/assets/bands.css?body=1" for 127.0.0.1 at 2012-11-28 16:36:34 +0100
Served asset /bands.css - 304 Not Modified (0ms)


Started GET "/assets/events.css?body=1" for 127.0.0.1 at 2012-11-28 16:36:34 +0100
Served asset /events.css - 304 Not Modified (0ms)


Started GET "/assets/guestbook_entries.css?body=1" for 127.0.0.1 at 2012-11-28 16:36:34 +0100
Served asset /guestbook_entries.css - 304 Not Modified (0ms)


Started GET "/assets/scaffolds.css?body=1" for 127.0.0.1 at 2012-11-28 16:36:34 +0100
Served asset /scaffolds.css - 304 Not Modified (0ms)


Started GET "/assets/members.css?body=1" for 127.0.0.1 at 2012-11-28 16:36:34 +0100
Served asset /members.css - 304 Not Modified (0ms)


Started GET "/assets/jquery.js?body=1" for 127.0.0.1 at 2012-11-28 16:36:34 +0100
Served asset /jquery.js - 304 Not Modified (0ms)


Started GET "/assets/bands.js?body=1" for 127.0.0.1 at 2012-11-28 16:36:34 +0100
Served asset /bands.js - 304 Not Modified (0ms)


Started GET "/assets/jquery_ujs.js?body=1" for 127.0.0.1 at 2012-11-28 16:36:34 +0100
Served asset /jquery_ujs.js - 304 Not Modified (0ms)


Started GET "/assets/events.js?body=1" for 127.0.0.1 at 2012-11-28 16:36:34 +0100
Served asset /events.js - 304 Not Modified (0ms)


Started GET "/assets/guestbook_entries.js?body=1" for 127.0.0.1 at 2012-11-28 16:36:34 +0100
Served asset /guestbook_entries.js - 304 Not Modified (0ms)


Started GET "/assets/members.js?body=1" for 127.0.0.1 at 2012-11-28 16:36:34 +0100
Served asset /members.js - 304 Not Modified (0ms)


Started GET "/assets/application.js?body=1" for 127.0.0.1 at 2012-11-28 16:36:34 +0100
Served asset /application.js - 304 Not Modified (0ms)


Started GET "/" for 127.0.0.1 at 2012-11-28 16:37:17 +0100
Processing by EventsController#index as HTML
  [1m[35mEvent Load (0.0ms)[0m  SELECT "events".* FROM "events" 
  Rendered events/index.html.erb within layouts/application (0.0ms)
Compiled application.css  (15ms)  (pid 5796)
Completed 200 OK in 125ms (Views: 124.8ms | ActiveRecord: 0.0ms)


Started GET "/assets/application.css?body=1" for 127.0.0.1 at 2012-11-28 16:37:17 +0100
Served asset /application.css - 200 OK (31ms)


Started GET "/assets/bands.css?body=1" for 127.0.0.1 at 2012-11-28 16:37:17 +0100
Served asset /bands.css - 304 Not Modified (0ms)


Started GET "/assets/events.css?body=1" for 127.0.0.1 at 2012-11-28 16:37:17 +0100
Served asset /events.css - 304 Not Modified (0ms)


Started GET "/assets/guestbook_entries.css?body=1" for 127.0.0.1 at 2012-11-28 16:37:17 +0100
Served asset /guestbook_entries.css - 304 Not Modified (0ms)


Started GET "/assets/members.css?body=1" for 127.0.0.1 at 2012-11-28 16:37:17 +0100
Served asset /members.css - 304 Not Modified (0ms)


Started GET "/assets/scaffolds.css?body=1" for 127.0.0.1 at 2012-11-28 16:37:17 +0100
Served asset /scaffolds.css - 304 Not Modified (0ms)


Started GET "/assets/jquery.js?body=1" for 127.0.0.1 at 2012-11-28 16:37:17 +0100
Served asset /jquery.js - 304 Not Modified (0ms)


Started GET "/assets/jquery_ujs.js?body=1" for 127.0.0.1 at 2012-11-28 16:37:17 +0100
Served asset /jquery_ujs.js - 304 Not Modified (0ms)


Started GET "/assets/bands.js?body=1" for 127.0.0.1 at 2012-11-28 16:37:17 +0100
Served asset /bands.js - 304 Not Modified (0ms)


Started GET "/assets/events.js?body=1" for 127.0.0.1 at 2012-11-28 16:37:17 +0100
Served asset /events.js - 304 Not Modified (0ms)


Started GET "/assets/guestbook_entries.js?body=1" for 127.0.0.1 at 2012-11-28 16:37:17 +0100
Served asset /guestbook_entries.js - 304 Not Modified (0ms)


Started GET "/assets/members.js?body=1" for 127.0.0.1 at 2012-11-28 16:37:17 +0100
Served asset /members.js - 304 Not Modified (0ms)


Started GET "/assets/application.js?body=1" for 127.0.0.1 at 2012-11-28 16:37:17 +0100
Served asset /application.js - 304 Not Modified (0ms)


Started GET "/" for 127.0.0.1 at 2012-11-28 16:37:46 +0100
Processing by EventsController#index as HTML
  [1m[36mEvent Load (0.0ms)[0m  [1mSELECT "events".* FROM "events" [0m
  Rendered events/index.html.erb within layouts/application (0.0ms)
Compiled application.css  (15ms)  (pid 5796)
Completed 200 OK in 94ms (Views: 93.6ms | ActiveRecord: 0.0ms)


Started GET "/assets/bands.css?body=1" for 127.0.0.1 at 2012-11-28 16:37:46 +0100
Served asset /bands.css - 304 Not Modified (0ms)


Started GET "/assets/application.css?body=1" for 127.0.0.1 at 2012-11-28 16:37:46 +0100
Served asset /application.css - 200 OK (15ms)


Started GET "/assets/events.css?body=1" for 127.0.0.1 at 2012-11-28 16:37:46 +0100
Served asset /events.css - 304 Not Modified (0ms)


Started GET "/assets/guestbook_entries.css?body=1" for 127.0.0.1 at 2012-11-28 16:37:46 +0100
Served asset /guestbook_entries.css - 304 Not Modified (0ms)


Started GET "/assets/members.css?body=1" for 127.0.0.1 at 2012-11-28 16:37:46 +0100
Served asset /members.css - 304 Not Modified (0ms)


Started GET "/assets/scaffolds.css?body=1" for 127.0.0.1 at 2012-11-28 16:37:46 +0100
Served asset /scaffolds.css - 304 Not Modified (0ms)


Started GET "/assets/jquery.js?body=1" for 127.0.0.1 at 2012-11-28 16:37:46 +0100
Served asset /jquery.js - 304 Not Modified (0ms)


Started GET "/assets/jquery_ujs.js?body=1" for 127.0.0.1 at 2012-11-28 16:37:46 +0100
Served asset /jquery_ujs.js - 304 Not Modified (0ms)


Started GET "/assets/bands.js?body=1" for 127.0.0.1 at 2012-11-28 16:37:46 +0100
Served asset /bands.js - 304 Not Modified (0ms)


Started GET "/assets/events.js?body=1" for 127.0.0.1 at 2012-11-28 16:37:46 +0100
Served asset /events.js - 304 Not Modified (15ms)


Started GET "/assets/guestbook_entries.js?body=1" for 127.0.0.1 at 2012-11-28 16:37:46 +0100
Served asset /guestbook_entries.js - 304 Not Modified (0ms)


Started GET "/assets/application.js?body=1" for 127.0.0.1 at 2012-11-28 16:37:46 +0100
Served asset /application.js - 304 Not Modified (0ms)


Started GET "/assets/members.js?body=1" for 127.0.0.1 at 2012-11-28 16:37:46 +0100
Served asset /members.js - 304 Not Modified (0ms)


Started GET "/" for 127.0.0.1 at 2012-11-28 16:38:20 +0100
Processing by EventsController#index as HTML
  [1m[35mEvent Load (0.0ms)[0m  SELECT "events".* FROM "events" 
  Rendered events/index.html.erb within layouts/application (0.0ms)
Completed 200 OK in 31ms (Views: 31.2ms | ActiveRecord: 0.0ms)


Started GET "/assets/application.css?body=1" for 127.0.0.1 at 2012-11-28 16:38:20 +0100
Served asset /application.css - 304 Not Modified (0ms)


Started GET "/assets/bands.css?body=1" for 127.0.0.1 at 2012-11-28 16:38:20 +0100
Served asset /bands.css - 304 Not Modified (0ms)


Started GET "/assets/events.css?body=1" for 127.0.0.1 at 2012-11-28 16:38:20 +0100
Served asset /events.css - 304 Not Modified (0ms)


Started GET "/assets/guestbook_entries.css?body=1" for 127.0.0.1 at 2012-11-28 16:38:20 +0100
Served asset /guestbook_entries.css - 304 Not Modified (0ms)


Started GET "/assets/members.css?body=1" for 127.0.0.1 at 2012-11-28 16:38:20 +0100
Served asset /members.css - 304 Not Modified (0ms)


Started GET "/assets/scaffolds.css?body=1" for 127.0.0.1 at 2012-11-28 16:38:20 +0100
Served asset /scaffolds.css - 304 Not Modified (0ms)


Started GET "/assets/jquery.js?body=1" for 127.0.0.1 at 2012-11-28 16:38:20 +0100
Served asset /jquery.js - 304 Not Modified (0ms)


Started GET "/assets/jquery_ujs.js?body=1" for 127.0.0.1 at 2012-11-28 16:38:20 +0100
Served asset /jquery_ujs.js - 304 Not Modified (0ms)


Started GET "/assets/members.js?body=1" for 127.0.0.1 at 2012-11-28 16:38:20 +0100
Served asset /members.js - 304 Not Modified (0ms)


Started GET "/assets/events.js?body=1" for 127.0.0.1 at 2012-11-28 16:38:21 +0100
Served asset /events.js - 304 Not Modified (0ms)


Started GET "/assets/bands.js?body=1" for 127.0.0.1 at 2012-11-28 16:38:21 +0100
Served asset /bands.js - 304 Not Modified (0ms)


Started GET "/assets/guestbook_entries.js?body=1" for 127.0.0.1 at 2012-11-28 16:38:21 +0100
Served asset /guestbook_entries.js - 304 Not Modified (0ms)


Started GET "/assets/application.js?body=1" for 127.0.0.1 at 2012-11-28 16:38:21 +0100
Served asset /application.js - 304 Not Modified (15ms)


Started GET "/" for 127.0.0.1 at 2012-11-28 16:39:07 +0100
Processing by EventsController#index as HTML
  [1m[36mEvent Load (0.0ms)[0m  [1mSELECT "events".* FROM "events" [0m
  Rendered events/index.html.erb within layouts/application (0.0ms)
Compiled scaffolds.css  (31ms)  (pid 5796)
Compiled application.css  (15ms)  (pid 5796)
Completed 200 OK in 140ms (Views: 140.4ms | ActiveRecord: 0.0ms)


Started GET "/assets/application.css?body=1" for 127.0.0.1 at 2012-11-28 16:39:07 +0100
Served asset /application.css - 304 Not Modified (15ms)


Started GET "/assets/bands.css?body=1" for 127.0.0.1 at 2012-11-28 16:39:08 +0100
Served asset /bands.css - 304 Not Modified (0ms)


Started GET "/assets/events.css?body=1" for 127.0.0.1 at 2012-11-28 16:39:08 +0100
Served asset /events.css - 304 Not Modified (0ms)


Started GET "/assets/guestbook_entries.css?body=1" for 127.0.0.1 at 2012-11-28 16:39:08 +0100
Served asset /guestbook_entries.css - 304 Not Modified (15ms)


Started GET "/assets/members.css?body=1" for 127.0.0.1 at 2012-11-28 16:39:08 +0100
Served asset /members.css - 304 Not Modified (0ms)


Started GET "/assets/scaffolds.css?body=1" for 127.0.0.1 at 2012-11-28 16:39:08 +0100
Served asset /scaffolds.css - 200 OK (15ms)


Started GET "/assets/jquery.js?body=1" for 127.0.0.1 at 2012-11-28 16:39:08 +0100
Served asset /jquery.js - 304 Not Modified (0ms)


Started GET "/assets/jquery_ujs.js?body=1" for 127.0.0.1 at 2012-11-28 16:39:08 +0100
Served asset /jquery_ujs.js - 304 Not Modified (0ms)


Started GET "/assets/bands.js?body=1" for 127.0.0.1 at 2012-11-28 16:39:08 +0100
Served asset /bands.js - 304 Not Modified (0ms)


Started GET "/assets/events.js?body=1" for 127.0.0.1 at 2012-11-28 16:39:08 +0100
Served asset /events.js - 304 Not Modified (0ms)


Started GET "/assets/guestbook_entries.js?body=1" for 127.0.0.1 at 2012-11-28 16:39:08 +0100
Served asset /guestbook_entries.js - 304 Not Modified (0ms)


Started GET "/assets/members.js?body=1" for 127.0.0.1 at 2012-11-28 16:39:08 +0100
Served asset /members.js - 304 Not Modified (0ms)


Started GET "/assets/application.js?body=1" for 127.0.0.1 at 2012-11-28 16:39:08 +0100
Served asset /application.js - 304 Not Modified (0ms)


Started GET "/" for 127.0.0.1 at 2012-11-28 16:48:00 +0100

SyntaxError (D:/Studium/Master/WS1213/Web Engineering/workspace/SuKu/config/routes.rb:8: syntax error, unexpected tSTRING_BEG, expecting keyword_do or '{' or '('
  get "events" => "events#index", as "list_events" 
                                      ^):
  activesupport (3.2.1) lib/active_support/dependencies.rb:245:in `load'
  activesupport (3.2.1) lib/active_support/dependencies.rb:245:in `block in load'
  activesupport (3.2.1) lib/active_support/dependencies.rb:236:in `load_dependency'
  activesupport (3.2.1) lib/active_support/dependencies.rb:245:in `load'
  railties (3.2.1) lib/rails/application/routes_reloader.rb:40:in `block in load_paths'
  railties (3.2.1) lib/rails/application/routes_reloader.rb:40:in `each'
  railties (3.2.1) lib/rails/application/routes_reloader.rb:40:in `load_paths'
  railties (3.2.1) lib/rails/application/routes_reloader.rb:16:in `reload!'
  railties (3.2.1) lib/rails/application/routes_reloader.rb:26:in `block in updater'
  activesupport (3.2.1) lib/active_support/file_update_checker.rb:78:in `call'
  activesupport (3.2.1) lib/active_support/file_update_checker.rb:78:in `execute'
  activesupport (3.2.1) lib/active_support/file_update_checker.rb:86:in `execute_if_updated'
  c:in `execute_if_updated'
  railties (3.2.1) lib/rails/application/finisher.rb:68:in `block (2 levels) in <module:Finisher>'
  activesupport (3.2.1) lib/active_support/callbacks.rb:429:in `_run__197447061__prepare__172544810__callbacks'
  activesupport (3.2.1) lib/active_support/callbacks.rb:405:in `__run_callback'
  activesupport (3.2.1) lib/active_support/callbacks.rb:385:in `_run_prepare_callbacks'
  activesupport (3.2.1) lib/active_support/callbacks.rb:81:in `run_callbacks'
  actionpack (3.2.1) lib/action_dispatch/middleware/reloader.rb:74:in `prepare!'
  actionpack (3.2.1) lib/action_dispatch/middleware/reloader.rb:64:in `call'
  actionpack (3.2.1) lib/action_dispatch/middleware/remote_ip.rb:31:in `call'
  actionpack (3.2.1) lib/action_dispatch/middleware/debug_exceptions.rb:16:in `call'
  actionpack (3.2.1) lib/action_dispatch/middleware/show_exceptions.rb:56:in `call'
  railties (3.2.1) lib/rails/rack/logger.rb:26:in `call_app'
  railties (3.2.1) lib/rails/rack/logger.rb:16:in `call'
  actionpack (3.2.1) lib/action_dispatch/middleware/request_id.rb:22:in `call'
  rack (1.4.1) lib/rack/methodoverride.rb:21:in `call'
  rack (1.4.1) lib/rack/runtime.rb:17:in `call'
  activesupport (3.2.1) lib/active_support/cache/strategy/local_cache.rb:72:in `call'
  rack (1.4.1) lib/rack/lock.rb:15:in `call'
  actionpack (3.2.1) lib/action_dispatch/middleware/static.rb:53:in `call'
  railties (3.2.1) lib/rails/engine.rb:479:in `call'
  railties (3.2.1) lib/rails/application.rb:220:in `call'
  rack (1.4.1) lib/rack/content_length.rb:14:in `call'
  railties (3.2.1) lib/rails/rack/log_tailer.rb:14:in `call'
  rack (1.4.1) lib/rack/handler/webrick.rb:59:in `service'
  c:/RailsInstaller/Ruby1.9.3/lib/ruby/1.9.1/webrick/httpserver.rb:138:in `service'
  c:/RailsInstaller/Ruby1.9.3/lib/ruby/1.9.1/webrick/httpserver.rb:94:in `run'
  c:/RailsInstaller/Ruby1.9.3/lib/ruby/1.9.1/webrick/server.rb:191:in `block in start_thread'


  Rendered c:/RailsInstaller/Ruby1.9.3/lib/ruby/gems/1.9.1/gems/actionpack-3.2.1/lib/action_dispatch/middleware/templates/rescues/_trace.erb (0.0ms)
  Rendered c:/RailsInstaller/Ruby1.9.3/lib/ruby/gems/1.9.1/gems/actionpack-3.2.1/lib/action_dispatch/middleware/templates/rescues/_request_and_response.erb (0.0ms)
  Rendered c:/RailsInstaller/Ruby1.9.3/lib/ruby/gems/1.9.1/gems/actionpack-3.2.1/lib/action_dispatch/middleware/templates/rescues/diagnostics.erb within rescues/layout (31.2ms)


Started GET "/" for 127.0.0.1 at 2012-11-28 16:49:11 +0100
Processing by EventsController#index as HTML
  [1m[35mEvent Load (0.0ms)[0m  SELECT "events".* FROM "events" 
  Rendered events/index.html.erb within layouts/application (0.0ms)
Completed 200 OK in 16ms (Views: 15.6ms | ActiveRecord: 0.0ms)


Started GET "/assets/application.css?body=1" for 127.0.0.1 at 2012-11-28 16:49:11 +0100
Served asset /application.css - 304 Not Modified (0ms)


Started GET "/assets/events.css?body=1" for 127.0.0.1 at 2012-11-28 16:49:11 +0100
Served asset /events.css - 304 Not Modified (0ms)


Started GET "/assets/bands.css?body=1" for 127.0.0.1 at 2012-11-28 16:49:11 +0100
Served asset /bands.css - 304 Not Modified (0ms)


Started GET "/assets/guestbook_entries.css?body=1" for 127.0.0.1 at 2012-11-28 16:49:11 +0100
Served asset /guestbook_entries.css - 304 Not Modified (0ms)


Started GET "/assets/members.css?body=1" for 127.0.0.1 at 2012-11-28 16:49:11 +0100
Served asset /members.css - 304 Not Modified (0ms)


Started GET "/assets/scaffolds.css?body=1" for 127.0.0.1 at 2012-11-28 16:49:11 +0100
Served asset /scaffolds.css - 304 Not Modified (0ms)


Started GET "/assets/jquery.js?body=1" for 127.0.0.1 at 2012-11-28 16:49:11 +0100
Served asset /jquery.js - 304 Not Modified (0ms)


Started GET "/assets/events.js?body=1" for 127.0.0.1 at 2012-11-28 16:49:11 +0100
Served asset /events.js - 304 Not Modified (15ms)


Started GET "/assets/members.js?body=1" for 127.0.0.1 at 2012-11-28 16:49:11 +0100
Served asset /members.js - 304 Not Modified (0ms)


Started GET "/assets/jquery_ujs.js?body=1" for 127.0.0.1 at 2012-11-28 16:49:11 +0100
Served asset /jquery_ujs.js - 304 Not Modified (0ms)


Started GET "/assets/bands.js?body=1" for 127.0.0.1 at 2012-11-28 16:49:11 +0100
Served asset /bands.js - 304 Not Modified (15ms)


Started GET "/assets/guestbook_entries.js?body=1" for 127.0.0.1 at 2012-11-28 16:49:11 +0100
Served asset /guestbook_entries.js - 304 Not Modified (0ms)


Started GET "/assets/application.js?body=1" for 127.0.0.1 at 2012-11-28 16:49:11 +0100
Served asset /application.js - 304 Not Modified (0ms)


Started GET "/" for 127.0.0.1 at 2012-11-28 16:50:01 +0100
Processing by EventsController#index as HTML
  [1m[36mEvent Load (0.0ms)[0m  [1mSELECT "events".* FROM "events" [0m
  Rendered events/index.html.erb within layouts/application (0.0ms)
Completed 200 OK in 31ms (Views: 31.2ms | ActiveRecord: 0.0ms)


Started GET "/assets/application.css?body=1" for 127.0.0.1 at 2012-11-28 16:50:02 +0100
Served asset /application.css - 304 Not Modified (0ms)


Started GET "/assets/bands.css?body=1" for 127.0.0.1 at 2012-11-28 16:50:02 +0100
Served asset /bands.css - 304 Not Modified (0ms)


Started GET "/assets/events.css?body=1" for 127.0.0.1 at 2012-11-28 16:50:02 +0100
Served asset /events.css - 304 Not Modified (0ms)


Started GET "/assets/guestbook_entries.css?body=1" for 127.0.0.1 at 2012-11-28 16:50:02 +0100
Served asset /guestbook_entries.css - 304 Not Modified (0ms)


Started GET "/assets/members.css?body=1" for 127.0.0.1 at 2012-11-28 16:50:02 +0100
Served asset /members.css - 304 Not Modified (0ms)


Started GET "/assets/scaffolds.css?body=1" for 127.0.0.1 at 2012-11-28 16:50:02 +0100
Served asset /scaffolds.css - 304 Not Modified (0ms)


Started GET "/assets/jquery.js?body=1" for 127.0.0.1 at 2012-11-28 16:50:02 +0100
Served asset /jquery.js - 304 Not Modified (0ms)


Started GET "/assets/jquery_ujs.js?body=1" for 127.0.0.1 at 2012-11-28 16:50:02 +0100
Served asset /jquery_ujs.js - 304 Not Modified (0ms)


Started GET "/assets/bands.js?body=1" for 127.0.0.1 at 2012-11-28 16:50:02 +0100
Served asset /bands.js - 304 Not Modified (0ms)


Started GET "/assets/events.js?body=1" for 127.0.0.1 at 2012-11-28 16:50:02 +0100
Served asset /events.js - 304 Not Modified (0ms)


Started GET "/assets/guestbook_entries.js?body=1" for 127.0.0.1 at 2012-11-28 16:50:02 +0100
Served asset /guestbook_entries.js - 304 Not Modified (0ms)


Started GET "/assets/members.js?body=1" for 127.0.0.1 at 2012-11-28 16:50:02 +0100
Served asset /members.js - 304 Not Modified (0ms)


Started GET "/assets/application.js?body=1" for 127.0.0.1 at 2012-11-28 16:50:02 +0100
Served asset /application.js - 304 Not Modified (0ms)


Started GET "/Events" for 127.0.0.1 at 2012-11-28 16:50:09 +0100

ActionController::RoutingError (No route matches [GET] "/Events"):
  actionpack (3.2.1) lib/action_dispatch/middleware/debug_exceptions.rb:21:in `call'
  actionpack (3.2.1) lib/action_dispatch/middleware/show_exceptions.rb:56:in `call'
  railties (3.2.1) lib/rails/rack/logger.rb:26:in `call_app'
  railties (3.2.1) lib/rails/rack/logger.rb:16:in `call'
  actionpack (3.2.1) lib/action_dispatch/middleware/request_id.rb:22:in `call'
  rack (1.4.1) lib/rack/methodoverride.rb:21:in `call'
  rack (1.4.1) lib/rack/runtime.rb:17:in `call'
  activesupport (3.2.1) lib/active_support/cache/strategy/local_cache.rb:72:in `call'
  rack (1.4.1) lib/rack/lock.rb:15:in `call'
  actionpack (3.2.1) lib/action_dispatch/middleware/static.rb:53:in `call'
  railties (3.2.1) lib/rails/engine.rb:479:in `call'
  railties (3.2.1) lib/rails/application.rb:220:in `call'
  rack (1.4.1) lib/rack/content_length.rb:14:in `call'
  railties (3.2.1) lib/rails/rack/log_tailer.rb:14:in `call'
  rack (1.4.1) lib/rack/handler/webrick.rb:59:in `service'
  c:/RailsInstaller/Ruby1.9.3/lib/ruby/1.9.1/webrick/httpserver.rb:138:in `service'
  c:/RailsInstaller/Ruby1.9.3/lib/ruby/1.9.1/webrick/httpserver.rb:94:in `run'
  c:/RailsInstaller/Ruby1.9.3/lib/ruby/1.9.1/webrick/server.rb:191:in `block in start_thread'


  Rendered c:/RailsInstaller/Ruby1.9.3/lib/ruby/gems/1.9.1/gems/actionpack-3.2.1/lib/action_dispatch/middleware/templates/rescues/routing_error.erb within rescues/layout (0.0ms)


Started GET "/" for 127.0.0.1 at 2012-11-28 16:50:40 +0100
Processing by EventsController#index as HTML
  [1m[35mEvent Load (0.0ms)[0m  SELECT "events".* FROM "events" 
  Rendered events/index.html.erb within layouts/application (0.0ms)
Completed 200 OK in 16ms (Views: 15.6ms | ActiveRecord: 0.0ms)


Started GET "/assets/application.css?body=1" for 127.0.0.1 at 2012-11-28 16:50:40 +0100
Served asset /application.css - 304 Not Modified (0ms)


Started GET "/assets/bands.css?body=1" for 127.0.0.1 at 2012-11-28 16:50:40 +0100
Served asset /bands.css - 304 Not Modified (0ms)


Started GET "/assets/events.css?body=1" for 127.0.0.1 at 2012-11-28 16:50:40 +0100
Served asset /events.css - 304 Not Modified (0ms)


Started GET "/assets/guestbook_entries.css?body=1" for 127.0.0.1 at 2012-11-28 16:50:40 +0100
Served asset /guestbook_entries.css - 304 Not Modified (0ms)


Started GET "/assets/members.css?body=1" for 127.0.0.1 at 2012-11-28 16:50:40 +0100
Served asset /members.css - 304 Not Modified (0ms)


Started GET "/assets/scaffolds.css?body=1" for 127.0.0.1 at 2012-11-28 16:50:40 +0100
Served asset /scaffolds.css - 304 Not Modified (0ms)


Started GET "/assets/jquery.js?body=1" for 127.0.0.1 at 2012-11-28 16:50:40 +0100
Served asset /jquery.js - 304 Not Modified (0ms)


Started GET "/assets/jquery_ujs.js?body=1" for 127.0.0.1 at 2012-11-28 16:50:40 +0100
Served asset /jquery_ujs.js - 304 Not Modified (0ms)


Started GET "/assets/bands.js?body=1" for 127.0.0.1 at 2012-11-28 16:50:40 +0100
Served asset /bands.js - 304 Not Modified (0ms)


Started GET "/assets/events.js?body=1" for 127.0.0.1 at 2012-11-28 16:50:40 +0100
Served asset /events.js - 304 Not Modified (0ms)


Started GET "/assets/guestbook_entries.js?body=1" for 127.0.0.1 at 2012-11-28 16:50:40 +0100
Served asset /guestbook_entries.js - 304 Not Modified (0ms)


Started GET "/assets/members.js?body=1" for 127.0.0.1 at 2012-11-28 16:50:40 +0100
Served asset /members.js - 304 Not Modified (0ms)


Started GET "/assets/application.js?body=1" for 127.0.0.1 at 2012-11-28 16:50:40 +0100
Served asset /application.js - 304 Not Modified (0ms)


Started GET "/Events" for 127.0.0.1 at 2012-11-28 16:50:42 +0100
Processing by EventsController#index as HTML
  [1m[36mEvent Load (0.0ms)[0m  [1mSELECT "events".* FROM "events" [0m
  Rendered events/index.html.erb within layouts/application (0.0ms)
Completed 200 OK in 31ms (Views: 31.2ms | ActiveRecord: 0.0ms)


Started GET "/assets/application.css?body=1" for 127.0.0.1 at 2012-11-28 16:50:42 +0100
Served asset /application.css - 304 Not Modified (0ms)


Started GET "/assets/scaffolds.css?body=1" for 127.0.0.1 at 2012-11-28 16:50:42 +0100
Served asset /scaffolds.css - 304 Not Modified (0ms)


Started GET "/assets/bands.css?body=1" for 127.0.0.1 at 2012-11-28 16:50:42 +0100
Served asset /bands.css - 304 Not Modified (0ms)


Started GET "/assets/guestbook_entries.css?body=1" for 127.0.0.1 at 2012-11-28 16:50:42 +0100
Served asset /guestbook_entries.css - 304 Not Modified (15ms)


Started GET "/assets/events.css?body=1" for 127.0.0.1 at 2012-11-28 16:50:42 +0100
Served asset /events.css - 304 Not Modified (0ms)


Started GET "/assets/members.css?body=1" for 127.0.0.1 at 2012-11-28 16:50:42 +0100
Served asset /members.css - 304 Not Modified (0ms)


Started GET "/assets/jquery.js?body=1" for 127.0.0.1 at 2012-11-28 16:50:42 +0100
Served asset /jquery.js - 304 Not Modified (0ms)


Started GET "/assets/jquery_ujs.js?body=1" for 127.0.0.1 at 2012-11-28 16:50:42 +0100
Served asset /jquery_ujs.js - 304 Not Modified (0ms)


Started GET "/assets/bands.js?body=1" for 127.0.0.1 at 2012-11-28 16:50:42 +0100
Served asset /bands.js - 304 Not Modified (0ms)


Started GET "/assets/events.js?body=1" for 127.0.0.1 at 2012-11-28 16:50:42 +0100
Served asset /events.js - 304 Not Modified (0ms)


Started GET "/assets/guestbook_entries.js?body=1" for 127.0.0.1 at 2012-11-28 16:50:42 +0100
Served asset /guestbook_entries.js - 304 Not Modified (0ms)


Started GET "/assets/application.js?body=1" for 127.0.0.1 at 2012-11-28 16:50:42 +0100
Served asset /application.js - 304 Not Modified (0ms)


Started GET "/assets/members.js?body=1" for 127.0.0.1 at 2012-11-28 16:50:42 +0100
Served asset /members.js - 304 Not Modified (0ms)


Started GET "/Events" for 127.0.0.1 at 2012-11-28 16:51:14 +0100
Processing by EventsController#index as HTML
  [1m[35mEvent Load (0.0ms)[0m  SELECT "events".* FROM "events" 
  Rendered events/index.html.erb within layouts/application (0.0ms)
Completed 200 OK in 31ms (Views: 31.2ms | ActiveRecord: 0.0ms)


Started GET "/assets/application.css?body=1" for 127.0.0.1 at 2012-11-28 16:51:15 +0100
Served asset /application.css - 304 Not Modified (0ms)


Started GET "/assets/bands.css?body=1" for 127.0.0.1 at 2012-11-28 16:51:15 +0100
Served asset /bands.css - 304 Not Modified (0ms)


Started GET "/assets/scaffolds.css?body=1" for 127.0.0.1 at 2012-11-28 16:51:15 +0100
Served asset /scaffolds.css - 304 Not Modified (0ms)


Started GET "/assets/events.css?body=1" for 127.0.0.1 at 2012-11-28 16:51:15 +0100
Served asset /events.css - 304 Not Modified (0ms)


Started GET "/assets/guestbook_entries.css?body=1" for 127.0.0.1 at 2012-11-28 16:51:15 +0100
Served asset /guestbook_entries.css - 304 Not Modified (0ms)


Started GET "/assets/members.css?body=1" for 127.0.0.1 at 2012-11-28 16:51:15 +0100
Served asset /members.css - 304 Not Modified (0ms)


Started GET "/assets/jquery.js?body=1" for 127.0.0.1 at 2012-11-28 16:51:15 +0100
Served asset /jquery.js - 304 Not Modified (0ms)


Started GET "/assets/guestbook_entries.js?body=1" for 127.0.0.1 at 2012-11-28 16:51:15 +0100
Served asset /guestbook_entries.js - 304 Not Modified (0ms)


Started GET "/assets/bands.js?body=1" for 127.0.0.1 at 2012-11-28 16:51:15 +0100
Served asset /bands.js - 304 Not Modified (0ms)


Started GET "/assets/jquery_ujs.js?body=1" for 127.0.0.1 at 2012-11-28 16:51:15 +0100
Served asset /jquery_ujs.js - 304 Not Modified (0ms)


Started GET "/assets/events.js?body=1" for 127.0.0.1 at 2012-11-28 16:51:15 +0100
Served asset /events.js - 304 Not Modified (15ms)


Started GET "/assets/members.js?body=1" for 127.0.0.1 at 2012-11-28 16:51:15 +0100
Served asset /members.js - 304 Not Modified (0ms)


Started GET "/assets/application.js?body=1" for 127.0.0.1 at 2012-11-28 16:51:15 +0100
Served asset /application.js - 304 Not Modified (0ms)


Started GET "/Events" for 127.0.0.1 at 2012-11-28 16:51:18 +0100
Processing by EventsController#index as HTML
  [1m[36mEvent Load (0.0ms)[0m  [1mSELECT "events".* FROM "events" [0m
  Rendered events/index.html.erb within layouts/application (0.0ms)
Completed 200 OK in 31ms (Views: 31.2ms | ActiveRecord: 0.0ms)


Started GET "/assets/application.css?body=1" for 127.0.0.1 at 2012-11-28 16:51:18 +0100
Served asset /application.css - 304 Not Modified (0ms)


Started GET "/assets/bands.css?body=1" for 127.0.0.1 at 2012-11-28 16:51:18 +0100
Served asset /bands.css - 304 Not Modified (0ms)


Started GET "/assets/events.css?body=1" for 127.0.0.1 at 2012-11-28 16:51:18 +0100
Served asset /events.css - 304 Not Modified (0ms)


Started GET "/assets/guestbook_entries.css?body=1" for 127.0.0.1 at 2012-11-28 16:51:18 +0100
Served asset /guestbook_entries.css - 304 Not Modified (0ms)


Started GET "/assets/members.css?body=1" for 127.0.0.1 at 2012-11-28 16:51:18 +0100
Served asset /members.css - 304 Not Modified (15ms)


Started GET "/assets/scaffolds.css?body=1" for 127.0.0.1 at 2012-11-28 16:51:18 +0100
Served asset /scaffolds.css - 304 Not Modified (0ms)


Started GET "/assets/jquery.js?body=1" for 127.0.0.1 at 2012-11-28 16:51:18 +0100
Served asset /jquery.js - 304 Not Modified (0ms)


Started GET "/assets/jquery_ujs.js?body=1" for 127.0.0.1 at 2012-11-28 16:51:18 +0100
Served asset /jquery_ujs.js - 304 Not Modified (0ms)


Started GET "/assets/bands.js?body=1" for 127.0.0.1 at 2012-11-28 16:51:18 +0100
Served asset /bands.js - 304 Not Modified (0ms)


Started GET "/assets/application.js?body=1" for 127.0.0.1 at 2012-11-28 16:51:18 +0100
Served asset /application.js - 304 Not Modified (0ms)


Started GET "/assets/guestbook_entries.js?body=1" for 127.0.0.1 at 2012-11-28 16:51:18 +0100
Served asset /guestbook_entries.js - 304 Not Modified (0ms)


Started GET "/assets/events.js?body=1" for 127.0.0.1 at 2012-11-28 16:51:18 +0100
Served asset /events.js - 304 Not Modified (0ms)


Started GET "/assets/members.js?body=1" for 127.0.0.1 at 2012-11-28 16:51:18 +0100
Served asset /members.js - 304 Not Modified (0ms)


Started GET "/Events" for 127.0.0.1 at 2012-11-28 17:02:36 +0100
Processing by EventsController#index as HTML
  [1m[35mEvent Load (0.0ms)[0m  SELECT "events".* FROM "events" 
  Rendered events/index.html.erb within layouts/application (0.0ms)
Completed 200 OK in 16ms (Views: 15.6ms | ActiveRecord: 0.0ms)


Started GET "/assets/application.css?body=1" for 127.0.0.1 at 2012-11-28 17:02:36 +0100
Served asset /application.css - 304 Not Modified (0ms)


Started GET "/assets/members.css?body=1" for 127.0.0.1 at 2012-11-28 17:02:36 +0100
Served asset /members.css - 304 Not Modified (0ms)


Started GET "/assets/bands.css?body=1" for 127.0.0.1 at 2012-11-28 17:02:36 +0100
Served asset /bands.css - 304 Not Modified (0ms)


Started GET "/assets/events.css?body=1" for 127.0.0.1 at 2012-11-28 17:02:36 +0100
Served asset /events.css - 304 Not Modified (0ms)


Started GET "/assets/guestbook_entries.css?body=1" for 127.0.0.1 at 2012-11-28 17:02:36 +0100
Served asset /guestbook_entries.css - 304 Not Modified (0ms)


Started GET "/assets/scaffolds.css?body=1" for 127.0.0.1 at 2012-11-28 17:02:36 +0100
Served asset /scaffolds.css - 304 Not Modified (0ms)


Started GET "/assets/bands.js?body=1" for 127.0.0.1 at 2012-11-28 17:02:36 +0100
Served asset /bands.js - 304 Not Modified (0ms)


Started GET "/assets/jquery_ujs.js?body=1" for 127.0.0.1 at 2012-11-28 17:02:36 +0100
Served asset /jquery_ujs.js - 304 Not Modified (0ms)


Started GET "/assets/events.js?body=1" for 127.0.0.1 at 2012-11-28 17:02:36 +0100
Served asset /events.js - 304 Not Modified (0ms)


Started GET "/assets/guestbook_entries.js?body=1" for 127.0.0.1 at 2012-11-28 17:02:36 +0100
Served asset /guestbook_entries.js - 304 Not Modified (0ms)


Started GET "/assets/members.js?body=1" for 127.0.0.1 at 2012-11-28 17:02:36 +0100
Served asset /members.js - 304 Not Modified (0ms)


Started GET "/assets/application.js?body=1" for 127.0.0.1 at 2012-11-28 17:02:36 +0100
Served asset /application.js - 304 Not Modified (0ms)


Started GET "/assets/jquery.js?body=1" for 127.0.0.1 at 2012-11-28 17:02:36 +0100
Served asset /jquery.js - 304 Not Modified (0ms)


Started GET "/Events" for 127.0.0.1 at 2012-11-28 17:06:30 +0100
Processing by EventsController#index as HTML
  [1m[36mEvent Load (0.0ms)[0m  [1mSELECT "events".* FROM "events" [0m
  Rendered events/index.html.erb within layouts/application (15.6ms)
Compiled application.css  (0ms)  (pid 5796)
Completed 200 OK in 94ms (Views: 93.6ms | ActiveRecord: 0.0ms)


Started GET "/assets/application.css?body=1" for 127.0.0.1 at 2012-11-28 17:06:31 +0100
Served asset /application.css - 200 OK (15ms)


Started GET "/assets/bands.css?body=1" for 127.0.0.1 at 2012-11-28 17:06:31 +0100
Served asset /bands.css - 304 Not Modified (0ms)


Started GET "/assets/events.css?body=1" for 127.0.0.1 at 2012-11-28 17:06:31 +0100
Served asset /events.css - 304 Not Modified (0ms)


Started GET "/assets/guestbook_entries.css?body=1" for 127.0.0.1 at 2012-11-28 17:06:31 +0100
Served asset /guestbook_entries.css - 304 Not Modified (0ms)


Started GET "/assets/jquery.js?body=1" for 127.0.0.1 at 2012-11-28 17:06:31 +0100
Served asset /jquery.js - 304 Not Modified (0ms)


Started GET "/assets/members.css?body=1" for 127.0.0.1 at 2012-11-28 17:06:31 +0100
Served asset /members.css - 304 Not Modified (0ms)


Started GET "/assets/scaffolds.css?body=1" for 127.0.0.1 at 2012-11-28 17:06:31 +0100
Served asset /scaffolds.css - 304 Not Modified (0ms)


Started GET "/assets/jquery_ujs.js?body=1" for 127.0.0.1 at 2012-11-28 17:06:31 +0100
Served asset /jquery_ujs.js - 304 Not Modified (0ms)


Started GET "/assets/members.js?body=1" for 127.0.0.1 at 2012-11-28 17:06:31 +0100
Served asset /members.js - 304 Not Modified (0ms)


Started GET "/assets/events.js?body=1" for 127.0.0.1 at 2012-11-28 17:06:31 +0100
Served asset /events.js - 304 Not Modified (0ms)


Started GET "/assets/guestbook_entries.js?body=1" for 127.0.0.1 at 2012-11-28 17:06:31 +0100
Served asset /guestbook_entries.js - 304 Not Modified (0ms)


Started GET "/assets/bands.js?body=1" for 127.0.0.1 at 2012-11-28 17:06:31 +0100
Served asset /bands.js - 304 Not Modified (0ms)


Started GET "/assets/application.js?body=1" for 127.0.0.1 at 2012-11-28 17:06:31 +0100
Served asset /application.js - 304 Not Modified (0ms)
